mode: set
github.com/codebyoketch/wa-cli/main.go:5.13,7.2 1 0
github.com/codebyoketch/wa-cli/internal/chatstore/chatstore.go:46.33,48.2 1 1
github.com/codebyoketch/wa-cli/internal/chatstore/chatstore.go:53.38,58.16 4 1
github.com/codebyoketch/wa-cli/internal/chatstore/chatstore.go:58.16,60.3 1 0
github.com/codebyoketch/wa-cli/internal/chatstore/chatstore.go:62.2,63.8 2 1
github.com/codebyoketch/wa-cli/internal/chatstore/chatstore.go:63.8,64.19 1 1
github.com/codebyoketch/wa-cli/internal/chatstore/chatstore.go:64.19,66.4 1 1
github.com/codebyoketch/wa-cli/internal/chatstore/chatstore.go:67.3,67.27 1 1
github.com/codebyoketch/wa-cli/internal/chatstore/chatstore.go:67.27,70.4 2 1
github.com/codebyoketch/wa-cli/internal/chatstore/chatstore.go:71.3,71.17 1 1
github.com/codebyoketch/wa-cli/internal/chatstore/chatstore.go:71.17,73.4 1 1
github.com/codebyoketch/wa-cli/internal/chatstore/chatstore.go:74.3,74.25 1 1
github.com/codebyoketch/wa-cli/internal/chatstore/chatstore.go:74.25,76.4 1 1
github.com/codebyoketch/wa-cli/internal/chatstore/chatstore.go:78.3,78.27 1 1
github.com/codebyoketch/wa-cli/internal/chatstore/chatstore.go:81.2,82.22 2 1
github.com/codebyoketch/wa-cli/internal/chatstore/chatstore.go:86.53,91.16 4 1
github.com/codebyoketch/wa-cli/internal/chatstore/chatstore.go:91.16,93.3 1 0
github.com/codebyoketch/wa-cli/internal/chatstore/chatstore.go:94.2,95.19 2 1
github.com/codebyoketch/wa-cli/internal/chatstore/chatstore.go:100.40,105.16 4 1
github.com/codebyoketch/wa-cli/internal/chatstore/chatstore.go:105.16,107.3 1 0
github.com/codebyoketch/wa-cli/internal/chatstore/chatstore.go:109.2,110.26 2 1
github.com/codebyoketch/wa-cli/internal/chatstore/chatstore.go:110.26,112.3 1 1
github.com/codebyoketch/wa-cli/internal/chatstore/chatstore.go:113.2,114.17 2 1
github.com/codebyoketch/wa-cli/internal/chatstore/chatstore.go:119.54,124.16 4 1
github.com/codebyoketch/wa-cli/internal/chatstore/chatstore.go:124.16,126.3 1 0
github.com/codebyoketch/wa-cli/internal/chatstore/chatstore.go:128.2,130.26 3 1
github.com/codebyoketch/wa-cli/internal/chatstore/chatstore.go:130.26,131.98 1 1
github.com/codebyoketch/wa-cli/internal/chatstore/chatstore.go:131.98,133.4 1 1
github.com/codebyoketch/wa-cli/internal/chatstore/chatstore.go:135.2,136.17 2 1
github.com/codebyoketch/wa-cli/internal/chatstore/chatstore.go:141.51,146.16 4 1
github.com/codebyoketch/wa-cli/internal/chatstore/chatstore.go:146.16,148.3 1 0
github.com/codebyoketch/wa-cli/internal/chatstore/chatstore.go:149.2,153.22 5 1
github.com/codebyoketch/wa-cli/internal/chatstore/chatstore.go:159.56,164.16 4 1
github.com/codebyoketch/wa-cli/internal/chatstore/chatstore.go:164.16,166.3 1 0
github.com/codebyoketch/wa-cli/internal/chatstore/chatstore.go:167.2,171.22 5 1
github.com/codebyoketch/wa-cli/internal/chatstore/chatstore.go:175.44,180.16 4 1
github.com/codebyoketch/wa-cli/internal/chatstore/chatstore.go:180.16,182.3 1 0
github.com/codebyoketch/wa-cli/internal/chatstore/chatstore.go:183.2,184.9 2 1
github.com/codebyoketch/wa-cli/internal/chatstore/chatstore.go:184.9,186.3 1 0
github.com/codebyoketch/wa-cli/internal/chatstore/chatstore.go:187.2,189.22 3 1
github.com/codebyoketch/wa-cli/internal/chatstore/chatstore.go:192.30,193.40 1 1
github.com/codebyoketch/wa-cli/internal/chatstore/chatstore.go:193.40,194.55 1 1
github.com/codebyoketch/wa-cli/internal/chatstore/chatstore.go:194.55,196.4 1 1
github.com/codebyoketch/wa-cli/internal/chatstore/chatstore.go:197.3,197.73 1 0
github.com/codebyoketch/wa-cli/internal/chatstore/chatstore.go:201.49,203.24 2 1
github.com/codebyoketch/wa-cli/internal/chatstore/chatstore.go:203.24,205.3 1 1
github.com/codebyoketch/wa-cli/internal/chatstore/chatstore.go:206.2,206.16 1 1
github.com/codebyoketch/wa-cli/internal/chatstore/chatstore.go:206.16,208.3 1 0
github.com/codebyoketch/wa-cli/internal/chatstore/chatstore.go:209.2,210.53 2 1
github.com/codebyoketch/wa-cli/internal/chatstore/chatstore.go:210.53,212.3 1 0
github.com/codebyoketch/wa-cli/internal/chatstore/chatstore.go:213.2,213.18 1 1
github.com/codebyoketch/wa-cli/internal/chatstore/chatstore.go:213.18,215.3 1 0
github.com/codebyoketch/wa-cli/internal/chatstore/chatstore.go:216.2,216.19 1 1
github.com/codebyoketch/wa-cli/internal/chatstore/chatstore.go:219.51,220.65 1 1
github.com/codebyoketch/wa-cli/internal/chatstore/chatstore.go:220.65,222.3 1 0
github.com/codebyoketch/wa-cli/internal/chatstore/chatstore.go:223.2,224.16 2 1
github.com/codebyoketch/wa-cli/internal/chatstore/chatstore.go:224.16,226.3 1 0
github.com/codebyoketch/wa-cli/internal/chatstore/chatstore.go:227.2,227.58 1 1
github.com/codebyoketch/wa-cli/internal/chatstore/chatstore.go:227.58,229.3 1 0
github.com/codebyoketch/wa-cli/internal/chatstore/chatstore.go:230.2,230.12 1 1
github.com/codebyoketch/wa-cli/internal/app/app.go:31.26,33.16 2 1
github.com/codebyoketch/wa-cli/internal/app/app.go:33.16,36.3 2 1
github.com/codebyoketch/wa-cli/internal/app/app.go:37.2,38.41 2 1
github.com/codebyoketch/wa-cli/cmd/chat.go:28.54,29.21 1 0
github.com/codebyoketch/wa-cli/cmd/chat.go:29.21,32.18 3 0
github.com/codebyoketch/wa-cli/cmd/chat.go:32.18,34.5 1 0
github.com/codebyoketch/wa-cli/cmd/chat.go:35.4,35.34 1 0
github.com/codebyoketch/wa-cli/cmd/chat.go:38.3,39.17 2 0
github.com/codebyoketch/wa-cli/cmd/chat.go:39.17,41.4 1 0
github.com/codebyoketch/wa-cli/cmd/chat.go:42.3,42.33 1 0
github.com/codebyoketch/wa-cli/cmd/chat.go:46.13,49.2 1 1
github.com/codebyoketch/wa-cli/cmd/chat.go:55.54,58.17 3 0
github.com/codebyoketch/wa-cli/cmd/chat.go:58.17,60.4 1 0
github.com/codebyoketch/wa-cli/cmd/chat.go:61.3,61.35 1 0
github.com/codebyoketch/wa-cli/cmd/chat.go:69.117,70.20 1 0
github.com/codebyoketch/wa-cli/cmd/chat.go:70.20,72.4 1 0
github.com/codebyoketch/wa-cli/cmd/chat.go:73.3,73.75 1 0
github.com/codebyoketch/wa-cli/cmd/chat.go:75.54,77.17 2 0
github.com/codebyoketch/wa-cli/cmd/chat.go:77.17,79.4 1 0
github.com/codebyoketch/wa-cli/cmd/chat.go:80.3,80.19 1 0
github.com/codebyoketch/wa-cli/cmd/chat.go:80.19,82.4 1 0
github.com/codebyoketch/wa-cli/cmd/chat.go:83.3,87.29 5 0
github.com/codebyoketch/wa-cli/cmd/chat.go:87.29,89.4 1 0
github.com/codebyoketch/wa-cli/cmd/chat.go:90.3,90.36 1 0
github.com/codebyoketch/wa-cli/cmd/chat.go:90.36,92.4 1 0
github.com/codebyoketch/wa-cli/cmd/chat.go:93.3,93.13 1 0
github.com/codebyoketch/wa-cli/cmd/chat.go:101.117,102.20 1 0
github.com/codebyoketch/wa-cli/cmd/chat.go:102.20,104.4 1 0
github.com/codebyoketch/wa-cli/cmd/chat.go:105.3,105.75 1 0
github.com/codebyoketch/wa-cli/cmd/chat.go:107.54,109.17 2 0
github.com/codebyoketch/wa-cli/cmd/chat.go:109.17,111.4 1 0
github.com/codebyoketch/wa-cli/cmd/chat.go:112.3,113.47 2 0
github.com/codebyoketch/wa-cli/cmd/chat.go:113.47,115.4 1 0
github.com/codebyoketch/wa-cli/cmd/chat.go:116.3,120.17 4 0
github.com/codebyoketch/wa-cli/cmd/chat.go:120.17,122.4 1 0
github.com/codebyoketch/wa-cli/cmd/chat.go:123.3,123.19 1 0
github.com/codebyoketch/wa-cli/cmd/chat.go:123.19,128.4 1 0
github.com/codebyoketch/wa-cli/cmd/chat.go:129.3,129.21 1 0
github.com/codebyoketch/wa-cli/cmd/chat.go:129.21,132.4 2 0
github.com/codebyoketch/wa-cli/cmd/chat.go:133.3,133.26 1 0
github.com/codebyoketch/wa-cli/cmd/chat.go:133.26,135.16 2 0
github.com/codebyoketch/wa-cli/cmd/chat.go:135.16,137.5 1 0
github.com/codebyoketch/wa-cli/cmd/chat.go:138.4,139.11 2 0
github.com/codebyoketch/wa-cli/cmd/chat.go:140.41,141.53 1 0
github.com/codebyoketch/wa-cli/cmd/chat.go:142.27,143.44 1 0
github.com/codebyoketch/wa-cli/cmd/chat.go:145.4,146.56 2 0
github.com/codebyoketch/wa-cli/cmd/chat.go:148.3,149.13 2 0
github.com/codebyoketch/wa-cli/cmd/chat.go:160.117,161.20 1 0
github.com/codebyoketch/wa-cli/cmd/chat.go:161.20,163.4 1 0
github.com/codebyoketch/wa-cli/cmd/chat.go:164.3,164.75 1 0
github.com/codebyoketch/wa-cli/cmd/chat.go:166.54,168.17 2 0
github.com/codebyoketch/wa-cli/cmd/chat.go:168.17,170.4 1 0
github.com/codebyoketch/wa-cli/cmd/chat.go:171.3,172.53 2 0
github.com/codebyoketch/wa-cli/cmd/chat.go:172.53,174.4 1 0
github.com/codebyoketch/wa-cli/cmd/chat.go:175.3,176.13 2 0
github.com/codebyoketch/wa-cli/cmd/chat.go:184.117,185.20 1 0
github.com/codebyoketch/wa-cli/cmd/chat.go:185.20,187.4 1 0
github.com/codebyoketch/wa-cli/cmd/chat.go:188.3,188.75 1 0
github.com/codebyoketch/wa-cli/cmd/chat.go:190.54,192.17 2 0
github.com/codebyoketch/wa-cli/cmd/chat.go:192.17,194.4 1 0
github.com/codebyoketch/wa-cli/cmd/chat.go:195.3,196.54 2 0
github.com/codebyoketch/wa-cli/cmd/chat.go:196.54,198.4 1 0
github.com/codebyoketch/wa-cli/cmd/chat.go:199.3,200.13 2 0
github.com/codebyoketch/wa-cli/cmd/chat.go:204.13,207.2 2 1
github.com/codebyoketch/wa-cli/cmd/chat.go:213.69,215.43 2 0
github.com/codebyoketch/wa-cli/cmd/chat.go:215.43,220.17 4 0
github.com/codebyoketch/wa-cli/cmd/chat.go:220.17,222.4 1 0
github.com/codebyoketch/wa-cli/cmd/chat.go:224.3,226.17 3 0
github.com/codebyoketch/wa-cli/cmd/chat.go:226.17,228.4 1 0
github.com/codebyoketch/wa-cli/cmd/chat.go:230.3,230.62 1 0
github.com/codebyoketch/wa-cli/cmd/chat.go:230.62,232.4 1 0
github.com/codebyoketch/wa-cli/cmd/chat.go:234.3,235.13 2 0
github.com/codebyoketch/wa-cli/cmd/chat.go:237.2,237.19 1 0
github.com/codebyoketch/wa-cli/cmd/chat.go:245.57,248.49 2 0
github.com/codebyoketch/wa-cli/cmd/chat.go:248.49,250.3 1 0
github.com/codebyoketch/wa-cli/cmd/chat.go:250.8,250.15 1 0
github.com/codebyoketch/wa-cli/cmd/chat.go:250.15,252.3 1 0
github.com/codebyoketch/wa-cli/cmd/chat.go:254.2,255.16 2 0
github.com/codebyoketch/wa-cli/cmd/chat.go:255.16,257.3 1 0
github.com/codebyoketch/wa-cli/cmd/chat.go:258.2,258.22 1 0
github.com/codebyoketch/wa-cli/cmd/chat.go:258.22,260.3 1 0
github.com/codebyoketch/wa-cli/cmd/chat.go:262.2,263.41 2 0
github.com/codebyoketch/wa-cli/cmd/chat.go:263.41,265.3 1 0
github.com/codebyoketch/wa-cli/cmd/chat.go:267.2,267.111 1 0
github.com/codebyoketch/wa-cli/cmd/chat.go:272.68,273.18 1 0
github.com/codebyoketch/wa-cli/cmd/chat.go:273.18,274.19 1 0
github.com/codebyoketch/wa-cli/cmd/chat.go:274.19,276.4 1 0
github.com/codebyoketch/wa-cli/cmd/chat.go:277.3,277.31 1 0
github.com/codebyoketch/wa-cli/cmd/chat.go:279.2,280.12 2 0
github.com/codebyoketch/wa-cli/cmd/chat.go:283.41,284.21 1 0
github.com/codebyoketch/wa-cli/cmd/chat.go:284.21,287.3 2 0
github.com/codebyoketch/wa-cli/cmd/chat.go:288.2,288.26 1 0
github.com/codebyoketch/wa-cli/cmd/chat.go:288.26,290.24 2 0
github.com/codebyoketch/wa-cli/cmd/chat.go:290.24,292.4 1 0
github.com/codebyoketch/wa-cli/cmd/chat.go:293.3,294.33 2 0
github.com/codebyoketch/wa-cli/cmd/chat.go:294.33,296.4 1 0
github.com/codebyoketch/wa-cli/cmd/completion.go:29.54,30.18 1 0
github.com/codebyoketch/wa-cli/cmd/completion.go:31.15,32.58 1 0
github.com/codebyoketch/wa-cli/cmd/completion.go:33.14,34.49 1 0
github.com/codebyoketch/wa-cli/cmd/completion.go:35.15,36.56 1 0
github.com/codebyoketch/wa-cli/cmd/completion.go:37.21,38.64 1 0
github.com/codebyoketch/wa-cli/cmd/completion.go:40.3,40.13 1 0
github.com/codebyoketch/wa-cli/cmd/completion.go:69.54,71.3 1 0
github.com/codebyoketch/wa-cli/cmd/completion.go:92.54,94.3 1 0
github.com/codebyoketch/wa-cli/cmd/completion.go:114.54,116.3 1 0
github.com/codebyoketch/wa-cli/cmd/completion.go:132.54,134.3 1 0
github.com/codebyoketch/wa-cli/cmd/completion.go:137.13,140.2 2 1
github.com/codebyoketch/wa-cli/cmd/config.go:36.38,36.59 1 0
github.com/codebyoketch/wa-cli/cmd/config.go:37.49,38.15 1 0
github.com/codebyoketch/wa-cli/cmd/config.go:39.42,41.15 2 0
github.com/codebyoketch/wa-cli/cmd/config.go:42.12,43.79 1 0
github.com/codebyoketch/wa-cli/cmd/config.go:49.38,49.81 1 0
github.com/codebyoketch/wa-cli/cmd/config.go:50.51,50.71 1 0
github.com/codebyoketch/wa-cli/cmd/config.go:54.38,54.58 1 0
github.com/codebyoketch/wa-cli/cmd/config.go:55.49,56.17 1 0
github.com/codebyoketch/wa-cli/cmd/config.go:56.17,58.5 1 0
github.com/codebyoketch/wa-cli/cmd/config.go:59.4,60.14 2 0
github.com/codebyoketch/wa-cli/cmd/config.go:65.38,65.85 1 0
github.com/codebyoketch/wa-cli/cmd/config.go:66.49,66.79 1 0
github.com/codebyoketch/wa-cli/cmd/config.go:70.38,70.83 1 0
github.com/codebyoketch/wa-cli/cmd/config.go:71.49,71.77 1 0
github.com/codebyoketch/wa-cli/cmd/config.go:75.38,75.82 1 0
github.com/codebyoketch/wa-cli/cmd/config.go:76.49,76.76 1 0
github.com/codebyoketch/wa-cli/cmd/config.go:80.38,80.91 1 0
github.com/codebyoketch/wa-cli/cmd/config.go:81.51,81.81 1 0
github.com/codebyoketch/wa-cli/cmd/config.go:85.38,85.84 1 0
github.com/codebyoketch/wa-cli/cmd/config.go:86.51,86.74 1 0
github.com/codebyoketch/wa-cli/cmd/config.go:90.38,90.83 1 0
github.com/codebyoketch/wa-cli/cmd/config.go:91.51,91.73 1 0
github.com/codebyoketch/wa-cli/cmd/config.go:95.38,95.88 1 0
github.com/codebyoketch/wa-cli/cmd/config.go:96.51,96.78 1 0
github.com/codebyoketch/wa-cli/cmd/config.go:102.86,103.50 1 1
github.com/codebyoketch/wa-cli/cmd/config.go:103.50,105.17 2 0
github.com/codebyoketch/wa-cli/cmd/config.go:105.17,107.4 1 0
github.com/codebyoketch/wa-cli/cmd/config.go:108.3,109.13 2 0
github.com/codebyoketch/wa-cli/cmd/config.go:113.84,114.50 1 1
github.com/codebyoketch/wa-cli/cmd/config.go:114.50,116.17 2 0
github.com/codebyoketch/wa-cli/cmd/config.go:116.17,118.4 1 0
github.com/codebyoketch/wa-cli/cmd/config.go:119.3,120.13 2 0
github.com/codebyoketch/wa-cli/cmd/config.go:124.55,125.33 1 0
github.com/codebyoketch/wa-cli/cmd/config.go:125.33,126.38 1 0
github.com/codebyoketch/wa-cli/cmd/config.go:126.38,128.4 1 0
github.com/codebyoketch/wa-cli/cmd/config.go:130.2,130.29 1 0
github.com/codebyoketch/wa-cli/cmd/config.go:137.53,140.33 3 0
github.com/codebyoketch/wa-cli/cmd/config.go:140.33,141.52 1 0
github.com/codebyoketch/wa-cli/cmd/config.go:141.52,143.4 1 0
github.com/codebyoketch/wa-cli/cmd/config.go:145.2,145.14 1 0
github.com/codebyoketch/wa-cli/cmd/config.go:156.117,157.20 1 0
github.com/codebyoketch/wa-cli/cmd/config.go:157.20,159.4 1 0
github.com/codebyoketch/wa-cli/cmd/config.go:160.3,160.76 1 0
github.com/codebyoketch/wa-cli/cmd/config.go:162.54,165.21 2 0
github.com/codebyoketch/wa-cli/cmd/config.go:165.21,167.11 2 0
github.com/codebyoketch/wa-cli/cmd/config.go:167.11,169.5 1 0
github.com/codebyoketch/wa-cli/cmd/config.go:170.4,170.20 1 0
github.com/codebyoketch/wa-cli/cmd/config.go:170.20,175.5 1 0
github.com/codebyoketch/wa-cli/cmd/config.go:176.4,177.14 2 0
github.com/codebyoketch/wa-cli/cmd/config.go:180.3,181.17 2 0
github.com/codebyoketch/wa-cli/cmd/config.go:181.17,183.4 1 0
github.com/codebyoketch/wa-cli/cmd/config.go:185.3,185.19 1 0
github.com/codebyoketch/wa-cli/cmd/config.go:185.19,187.35 2 0
github.com/codebyoketch/wa-cli/cmd/config.go:187.35,189.5 1 0
github.com/codebyoketch/wa-cli/cmd/config.go:190.4,193.20 1 0
github.com/codebyoketch/wa-cli/cmd/config.go:196.3,199.34 3 0
github.com/codebyoketch/wa-cli/cmd/config.go:199.34,200.27 1 0
github.com/codebyoketch/wa-cli/cmd/config.go:200.27,202.5 1 0
github.com/codebyoketch/wa-cli/cmd/config.go:204.3,204.34 1 0
github.com/codebyoketch/wa-cli/cmd/config.go:204.34,206.4 1 0
github.com/codebyoketch/wa-cli/cmd/config.go:207.3,207.13 1 0
github.com/codebyoketch/wa-cli/cmd/config.go:224.117,225.20 1 0
github.com/codebyoketch/wa-cli/cmd/config.go:225.20,227.4 1 0
github.com/codebyoketch/wa-cli/cmd/config.go:228.3,228.76 1 0
github.com/codebyoketch/wa-cli/cmd/config.go:230.54,234.10 3 0
github.com/codebyoketch/wa-cli/cmd/config.go:234.10,236.36 2 0
github.com/codebyoketch/wa-cli/cmd/config.go:236.36,238.5 1 0
github.com/codebyoketch/wa-cli/cmd/config.go:239.4,240.94 2 0
github.com/codebyoketch/wa-cli/cmd/config.go:243.3,243.47 1 0
github.com/codebyoketch/wa-cli/cmd/config.go:243.47,245.4 1 0
github.com/codebyoketch/wa-cli/cmd/config.go:246.3,246.47 1 0
github.com/codebyoketch/wa-cli/cmd/config.go:246.47,248.4 1 0
github.com/codebyoketch/wa-cli/cmd/config.go:250.3,251.13 2 0
github.com/codebyoketch/wa-cli/cmd/config.go:264.54,266.17 2 0
github.com/codebyoketch/wa-cli/cmd/config.go:266.17,268.4 1 0
github.com/codebyoketch/wa-cli/cmd/config.go:270.3,270.50 1 0
github.com/codebyoketch/wa-cli/cmd/config.go:270.50,271.56 1 0
github.com/codebyoketch/wa-cli/cmd/config.go:271.56,273.5 1 0
github.com/codebyoketch/wa-cli/cmd/config.go:274.9,274.24 1 0
github.com/codebyoketch/wa-cli/cmd/config.go:274.24,276.4 1 0
github.com/codebyoketch/wa-cli/cmd/config.go:278.3,279.19 2 0
github.com/codebyoketch/wa-cli/cmd/config.go:279.19,281.4 1 0
github.com/codebyoketch/wa-cli/cmd/config.go:282.3,282.19 1 0
github.com/codebyoketch/wa-cli/cmd/config.go:282.19,284.4 1 0
github.com/codebyoketch/wa-cli/cmd/config.go:286.3,290.41 5 0
github.com/codebyoketch/wa-cli/cmd/config.go:290.41,292.4 1 0
github.com/codebyoketch/wa-cli/cmd/config.go:294.3,294.42 1 0
github.com/codebyoketch/wa-cli/cmd/config.go:294.42,296.4 1 0
github.com/codebyoketch/wa-cli/cmd/config.go:298.3,299.13 2 0
github.com/codebyoketch/wa-cli/cmd/config.go:306.54,307.55 1 0
github.com/codebyoketch/wa-cli/cmd/config.go:307.55,309.4 1 0
github.com/codebyoketch/wa-cli/cmd/config.go:310.3,311.17 2 0
github.com/codebyoketch/wa-cli/cmd/config.go:311.17,313.4 1 0
github.com/codebyoketch/wa-cli/cmd/config.go:314.3,315.13 2 0
github.com/codebyoketch/wa-cli/cmd/config.go:319.13,322.2 2 1
github.com/codebyoketch/wa-cli/cmd/contact.go:28.54,30.17 2 0
github.com/codebyoketch/wa-cli/cmd/contact.go:30.17,32.4 1 0
github.com/codebyoketch/wa-cli/cmd/contact.go:33.3,33.39 1 0
github.com/codebyoketch/wa-cli/cmd/contact.go:41.54,43.17 2 0
github.com/codebyoketch/wa-cli/cmd/contact.go:43.17,45.4 1 0
github.com/codebyoketch/wa-cli/cmd/contact.go:47.3,49.30 3 0
github.com/codebyoketch/wa-cli/cmd/contact.go:49.30,52.38 1 0
github.com/codebyoketch/wa-cli/cmd/contact.go:52.38,54.5 1 0
github.com/codebyoketch/wa-cli/cmd/contact.go:56.3,56.38 1 0
github.com/codebyoketch/wa-cli/cmd/contact.go:64.117,65.20 1 0
github.com/codebyoketch/wa-cli/cmd/contact.go:65.20,67.4 1 0
github.com/codebyoketch/wa-cli/cmd/contact.go:68.3,69.17 2 0
github.com/codebyoketch/wa-cli/cmd/contact.go:69.17,71.4 1 0
github.com/codebyoketch/wa-cli/cmd/contact.go:72.3,74.30 3 0
github.com/codebyoketch/wa-cli/cmd/contact.go:74.30,76.18 2 0
github.com/codebyoketch/wa-cli/cmd/contact.go:76.18,78.5 1 0
github.com/codebyoketch/wa-cli/cmd/contact.go:79.4,79.18 1 0
github.com/codebyoketch/wa-cli/cmd/contact.go:79.18,80.13 1 0
github.com/codebyoketch/wa-cli/cmd/contact.go:82.4,82.51 1 0
github.com/codebyoketch/wa-cli/cmd/contact.go:82.51,84.5 1 0
github.com/codebyoketch/wa-cli/cmd/contact.go:86.3,86.51 1 0
github.com/codebyoketch/wa-cli/cmd/contact.go:88.54,90.17 2 0
github.com/codebyoketch/wa-cli/cmd/contact.go:90.17,92.4 1 0
github.com/codebyoketch/wa-cli/cmd/contact.go:94.3,97.30 2 0
github.com/codebyoketch/wa-cli/cmd/contact.go:97.30,98.60 1 0
github.com/codebyoketch/wa-cli/cmd/contact.go:98.60,100.5 1 0
github.com/codebyoketch/wa-cli/cmd/contact.go:104.3,105.30 2 0
github.com/codebyoketch/wa-cli/cmd/contact.go:105.30,106.87 1 0
github.com/codebyoketch/wa-cli/cmd/contact.go:106.87,108.5 1 0
github.com/codebyoketch/wa-cli/cmd/contact.go:111.3,111.60 1 0
github.com/codebyoketch/wa-cli/cmd/contact.go:115.13,118.2 2 1
github.com/codebyoketch/wa-cli/cmd/contact.go:120.49,122.43 2 0
github.com/codebyoketch/wa-cli/cmd/contact.go:122.43,127.17 4 0
github.com/codebyoketch/wa-cli/cmd/contact.go:127.17,129.4 1 0
github.com/codebyoketch/wa-cli/cmd/contact.go:131.3,132.17 2 0
github.com/codebyoketch/wa-cli/cmd/contact.go:132.17,134.4 1 0
github.com/codebyoketch/wa-cli/cmd/contact.go:135.3,135.27 1 0
github.com/codebyoketch/wa-cli/cmd/contact.go:135.27,137.4 1 0
github.com/codebyoketch/wa-cli/cmd/contact.go:139.3,140.13 2 0
github.com/codebyoketch/wa-cli/cmd/contact.go:142.2,142.22 1 0
github.com/codebyoketch/wa-cli/cmd/contact.go:145.76,146.18 1 0
github.com/codebyoketch/wa-cli/cmd/contact.go:146.18,147.22 1 0
github.com/codebyoketch/wa-cli/cmd/contact.go:147.22,149.4 1 0
github.com/codebyoketch/wa-cli/cmd/contact.go:150.3,150.34 1 0
github.com/codebyoketch/wa-cli/cmd/contact.go:152.2,153.12 2 0
github.com/codebyoketch/wa-cli/cmd/contact.go:156.72,157.18 1 0
github.com/codebyoketch/wa-cli/cmd/contact.go:157.18,159.3 1 0
github.com/codebyoketch/wa-cli/cmd/contact.go:160.2,161.12 2 0
github.com/codebyoketch/wa-cli/cmd/contact.go:164.49,165.24 1 0
github.com/codebyoketch/wa-cli/cmd/contact.go:165.24,168.3 2 0
github.com/codebyoketch/wa-cli/cmd/contact.go:169.2,169.29 1 0
github.com/codebyoketch/wa-cli/cmd/contact.go:169.29,171.17 2 0
github.com/codebyoketch/wa-cli/cmd/contact.go:171.17,173.4 1 0
github.com/codebyoketch/wa-cli/cmd/contact.go:174.3,174.40 1 0
github.com/codebyoketch/wa-cli/cmd/contact.go:178.45,180.18 2 0
github.com/codebyoketch/wa-cli/cmd/contact.go:180.18,182.3 1 0
github.com/codebyoketch/wa-cli/cmd/contact.go:183.2,183.22 1 0
github.com/codebyoketch/wa-cli/cmd/contact.go:183.22,185.3 1 0
github.com/codebyoketch/wa-cli/cmd/contact.go:186.2,186.26 1 0
github.com/codebyoketch/wa-cli/cmd/contact.go:186.26,188.3 1 0
github.com/codebyoketch/wa-cli/cmd/extension.go:28.57,32.25 4 0
github.com/codebyoketch/wa-cli/cmd/extension.go:32.25,33.52 1 0
github.com/codebyoketch/wa-cli/cmd/extension.go:33.52,35.4 1 0
github.com/codebyoketch/wa-cli/cmd/extension.go:37.2,37.14 1 0
github.com/codebyoketch/wa-cli/cmd/extension.go:50.54,52.17 2 0
github.com/codebyoketch/wa-cli/cmd/extension.go:52.17,54.4 1 0
github.com/codebyoketch/wa-cli/cmd/extension.go:55.3,56.28 2 0
github.com/codebyoketch/wa-cli/cmd/extension.go:56.28,58.4 1 0
github.com/codebyoketch/wa-cli/cmd/extension.go:59.3,60.13 2 0
github.com/codebyoketch/wa-cli/cmd/extension.go:68.54,72.28 3 0
github.com/codebyoketch/wa-cli/cmd/extension.go:72.28,74.4 1 0
github.com/codebyoketch/wa-cli/cmd/extension.go:76.3,76.40 1 0
github.com/codebyoketch/wa-cli/cmd/extension.go:76.40,76.78 1 0
github.com/codebyoketch/wa-cli/cmd/extension.go:78.3,78.19 1 0
github.com/codebyoketch/wa-cli/cmd/extension.go:78.19,79.19 1 0
github.com/codebyoketch/wa-cli/cmd/extension.go:79.19,81.5 1 0
github.com/codebyoketch/wa-cli/cmd/extension.go:82.4,82.31 1 0
github.com/codebyoketch/wa-cli/cmd/extension.go:85.3,85.21 1 0
github.com/codebyoketch/wa-cli/cmd/extension.go:85.21,88.4 2 0
github.com/codebyoketch/wa-cli/cmd/extension.go:90.3,91.26 2 0
github.com/codebyoketch/wa-cli/cmd/extension.go:91.26,92.27 1 0
github.com/codebyoketch/wa-cli/cmd/extension.go:92.27,94.5 1 0
github.com/codebyoketch/wa-cli/cmd/extension.go:96.3,96.26 1 0
github.com/codebyoketch/wa-cli/cmd/extension.go:96.26,98.23 2 0
github.com/codebyoketch/wa-cli/cmd/extension.go:98.23,100.5 1 0
github.com/codebyoketch/wa-cli/cmd/extension.go:101.4,101.55 1 0
github.com/codebyoketch/wa-cli/cmd/extension.go:103.3,103.13 1 0
github.com/codebyoketch/wa-cli/cmd/extension.go:112.117,113.20 1 0
github.com/codebyoketch/wa-cli/cmd/extension.go:113.20,115.4 1 0
github.com/codebyoketch/wa-cli/cmd/extension.go:116.3,116.80 1 0
github.com/codebyoketch/wa-cli/cmd/extension.go:118.54,119.51 1 0
github.com/codebyoketch/wa-cli/cmd/extension.go:119.51,121.4 1 0
github.com/codebyoketch/wa-cli/cmd/extension.go:122.3,123.13 2 0
github.com/codebyoketch/wa-cli/cmd/extension.go:137.117,138.20 1 0
github.com/codebyoketch/wa-cli/cmd/extension.go:138.20,140.4 1 0
github.com/codebyoketch/wa-cli/cmd/extension.go:141.3,141.80 1 0
github.com/codebyoketch/wa-cli/cmd/extension.go:143.54,146.45 3 0
github.com/codebyoketch/wa-cli/cmd/extension.go:146.45,148.4 1 0
github.com/codebyoketch/wa-cli/cmd/extension.go:149.3,149.38 1 0
github.com/codebyoketch/wa-cli/cmd/extension.go:153.13,156.2 2 1
github.com/codebyoketch/wa-cli/cmd/forward.go:21.117,25.39 1 0
github.com/codebyoketch/wa-cli/cmd/forward.go:25.39,27.4 1 0
github.com/codebyoketch/wa-cli/cmd/forward.go:28.3,28.49 1 0
github.com/codebyoketch/wa-cli/cmd/forward.go:30.54,37.17 6 0
github.com/codebyoketch/wa-cli/cmd/forward.go:37.17,39.4 1 0
github.com/codebyoketch/wa-cli/cmd/forward.go:40.3,41.17 2 0
github.com/codebyoketch/wa-cli/cmd/forward.go:41.17,43.4 1 0
github.com/codebyoketch/wa-cli/cmd/forward.go:45.3,47.17 3 0
github.com/codebyoketch/wa-cli/cmd/forward.go:47.17,49.4 1 0
github.com/codebyoketch/wa-cli/cmd/forward.go:51.3,51.57 1 0
github.com/codebyoketch/wa-cli/cmd/forward.go:51.57,53.4 1 0
github.com/codebyoketch/wa-cli/cmd/forward.go:55.3,56.17 2 0
github.com/codebyoketch/wa-cli/cmd/forward.go:56.17,58.4 1 0
github.com/codebyoketch/wa-cli/cmd/forward.go:59.3,62.17 3 0
github.com/codebyoketch/wa-cli/cmd/forward.go:62.17,64.4 1 0
github.com/codebyoketch/wa-cli/cmd/forward.go:66.3,70.13 4 0
github.com/codebyoketch/wa-cli/cmd/forward.go:74.13,76.2 1 1
github.com/codebyoketch/wa-cli/cmd/group.go:24.54,26.44 2 0
github.com/codebyoketch/wa-cli/cmd/group.go:26.44,29.18 3 0
github.com/codebyoketch/wa-cli/cmd/group.go:29.18,31.5 1 0
github.com/codebyoketch/wa-cli/cmd/group.go:32.4,35.14 3 0
github.com/codebyoketch/wa-cli/cmd/group.go:37.3,37.17 1 0
github.com/codebyoketch/wa-cli/cmd/group.go:37.17,39.4 1 0
github.com/codebyoketch/wa-cli/cmd/group.go:41.3,41.19 1 0
github.com/codebyoketch/wa-cli/cmd/group.go:41.19,42.21 1 0
github.com/codebyoketch/wa-cli/cmd/group.go:42.21,44.5 1 0
github.com/codebyoketch/wa-cli/cmd/group.go:45.4,45.33 1 0
github.com/codebyoketch/wa-cli/cmd/group.go:47.3,47.23 1 0
github.com/codebyoketch/wa-cli/cmd/group.go:47.23,50.4 2 0
github.com/codebyoketch/wa-cli/cmd/group.go:51.3,51.28 1 0
github.com/codebyoketch/wa-cli/cmd/group.go:51.28,53.4 1 0
github.com/codebyoketch/wa-cli/cmd/group.go:54.3,54.13 1 0
github.com/codebyoketch/wa-cli/cmd/group.go:62.54,65.44 3 0
github.com/codebyoketch/wa-cli/cmd/group.go:65.44,68.18 3 0
github.com/codebyoketch/wa-cli/cmd/group.go:68.18,70.5 1 0
github.com/codebyoketch/wa-cli/cmd/group.go:71.4,74.18 3 0
github.com/codebyoketch/wa-cli/cmd/group.go:74.18,76.5 1 0
github.com/codebyoketch/wa-cli/cmd/group.go:78.4,79.14 2 0
github.com/codebyoketch/wa-cli/cmd/group.go:81.3,81.17 1 0
github.com/codebyoketch/wa-cli/cmd/group.go:81.17,83.4 1 0
github.com/codebyoketch/wa-cli/cmd/group.go:85.3,85.19 1 0
github.com/codebyoketch/wa-cli/cmd/group.go:85.19,90.4 1 0
github.com/codebyoketch/wa-cli/cmd/group.go:92.3,94.24 3 0
github.com/codebyoketch/wa-cli/cmd/group.go:94.24,96.4 1 0
github.com/codebyoketch/wa-cli/cmd/group.go:97.3,98.34 2 0
github.com/codebyoketch/wa-cli/cmd/group.go:98.34,100.22 2 0
github.com/codebyoketch/wa-cli/cmd/group.go:100.22,102.5 1 0
github.com/codebyoketch/wa-cli/cmd/group.go:102.10,102.24 1 0
github.com/codebyoketch/wa-cli/cmd/group.go:102.24,104.5 1 0
github.com/codebyoketch/wa-cli/cmd/group.go:105.4,105.39 1 0
github.com/codebyoketch/wa-cli/cmd/group.go:107.3,107.13 1 0
github.com/codebyoketch/wa-cli/cmd/group.go:118.54,124.17 5 0
github.com/codebyoketch/wa-cli/cmd/group.go:124.17,126.4 1 0
github.com/codebyoketch/wa-cli/cmd/group.go:128.3,128.88 1 0
github.com/codebyoketch/wa-cli/cmd/group.go:128.88,130.4 1 0
github.com/codebyoketch/wa-cli/cmd/group.go:132.3,133.17 2 0
github.com/codebyoketch/wa-cli/cmd/group.go:133.17,135.4 1 0
github.com/codebyoketch/wa-cli/cmd/group.go:136.3,139.17 3 0
github.com/codebyoketch/wa-cli/cmd/group.go:139.17,141.4 1 0
github.com/codebyoketch/wa-cli/cmd/group.go:142.3,143.13 2 0
github.com/codebyoketch/wa-cli/cmd/group.go:151.54,153.3 1 0
github.com/codebyoketch/wa-cli/cmd/group.go:160.54,162.3 1 0
github.com/codebyoketch/wa-cli/cmd/group.go:165.13,168.2 2 1
github.com/codebyoketch/wa-cli/cmd/group.go:170.67,173.16 3 0
github.com/codebyoketch/wa-cli/cmd/group.go:173.16,175.3 1 0
github.com/codebyoketch/wa-cli/cmd/group.go:176.2,177.16 2 0
github.com/codebyoketch/wa-cli/cmd/group.go:177.16,179.3 1 0
github.com/codebyoketch/wa-cli/cmd/group.go:180.2,180.26 1 0
github.com/codebyoketch/wa-cli/cmd/group.go:180.26,182.3 1 0
github.com/codebyoketch/wa-cli/cmd/group.go:183.2,183.44 1 0
github.com/codebyoketch/wa-cli/cmd/group.go:183.44,185.3 1 0
github.com/codebyoketch/wa-cli/cmd/group.go:186.2,186.20 1 0
github.com/codebyoketch/wa-cli/cmd/group.go:191.102,192.35 1 0
github.com/codebyoketch/wa-cli/cmd/group.go:192.35,193.53 1 0
github.com/codebyoketch/wa-cli/cmd/group.go:193.53,195.4 1 0
github.com/codebyoketch/wa-cli/cmd/group.go:198.2,199.16 2 0
github.com/codebyoketch/wa-cli/cmd/group.go:199.16,201.3 1 0
github.com/codebyoketch/wa-cli/cmd/group.go:203.2,204.27 2 0
github.com/codebyoketch/wa-cli/cmd/group.go:204.27,205.40 1 0
github.com/codebyoketch/wa-cli/cmd/group.go:205.40,207.4 1 0
github.com/codebyoketch/wa-cli/cmd/group.go:209.2,209.27 1 0
github.com/codebyoketch/wa-cli/cmd/group.go:209.27,210.51 1 0
github.com/codebyoketch/wa-cli/cmd/group.go:210.51,212.4 1 0
github.com/codebyoketch/wa-cli/cmd/group.go:214.2,214.70 1 0
github.com/codebyoketch/wa-cli/cmd/group.go:217.57,219.28 2 0
github.com/codebyoketch/wa-cli/cmd/group.go:219.28,221.17 2 0
github.com/codebyoketch/wa-cli/cmd/group.go:221.17,223.4 1 0
github.com/codebyoketch/wa-cli/cmd/group.go:224.3,224.27 1 0
github.com/codebyoketch/wa-cli/cmd/group.go:226.2,226.18 1 0
github.com/codebyoketch/wa-cli/cmd/group.go:229.34,234.2 4 0
github.com/codebyoketch/wa-cli/cmd/group.go:236.94,239.16 3 0
github.com/codebyoketch/wa-cli/cmd/group.go:239.16,241.3 1 0
github.com/codebyoketch/wa-cli/cmd/group.go:242.2,245.16 3 0
github.com/codebyoketch/wa-cli/cmd/group.go:245.16,247.3 1 0
github.com/codebyoketch/wa-cli/cmd/group.go:249.2,250.16 2 0
github.com/codebyoketch/wa-cli/cmd/group.go:250.16,252.3 1 0
github.com/codebyoketch/wa-cli/cmd/group.go:254.2,255.10 2 0
github.com/codebyoketch/wa-cli/cmd/group.go:255.10,257.3 1 0
github.com/codebyoketch/wa-cli/cmd/group.go:258.2,258.106 1 0
github.com/codebyoketch/wa-cli/cmd/group.go:258.106,260.3 1 0
github.com/codebyoketch/wa-cli/cmd/group.go:262.2,262.9 1 0
github.com/codebyoketch/wa-cli/cmd/group.go:262.9,264.3 1 0
github.com/codebyoketch/wa-cli/cmd/group.go:264.8,266.3 1 0
github.com/codebyoketch/wa-cli/cmd/group.go:267.2,267.16 1 0
github.com/codebyoketch/wa-cli/cmd/group.go:267.16,269.3 1 0
github.com/codebyoketch/wa-cli/cmd/group.go:271.2,272.12 2 0
github.com/codebyoketch/wa-cli/cmd/json.go:16.13,19.2 1 1
github.com/codebyoketch/wa-cli/cmd/json.go:26.39,27.33 1 1
github.com/codebyoketch/wa-cli/cmd/json.go:27.33,29.3 1 1
github.com/codebyoketch/wa-cli/cmd/json.go:30.2,30.28 1 1
github.com/codebyoketch/wa-cli/cmd/json.go:36.49,41.2 4 1
github.com/codebyoketch/wa-cli/cmd/login.go:20.54,25.17 4 0
github.com/codebyoketch/wa-cli/cmd/login.go:25.17,27.4 1 0
github.com/codebyoketch/wa-cli/cmd/login.go:29.3,30.17 2 0
github.com/codebyoketch/wa-cli/cmd/login.go:30.17,32.4 1 0
github.com/codebyoketch/wa-cli/cmd/login.go:34.3,34.26 1 0
github.com/codebyoketch/wa-cli/cmd/login.go:34.26,37.4 2 0
github.com/codebyoketch/wa-cli/cmd/login.go:39.3,39.43 1 0
github.com/codebyoketch/wa-cli/cmd/login.go:39.43,41.4 1 0
github.com/codebyoketch/wa-cli/cmd/login.go:43.3,44.13 2 0
github.com/codebyoketch/wa-cli/cmd/login.go:48.13,50.2 1 1
github.com/codebyoketch/wa-cli/cmd/logout.go:17.54,22.17 4 0
github.com/codebyoketch/wa-cli/cmd/logout.go:22.17,24.4 1 0
github.com/codebyoketch/wa-cli/cmd/logout.go:26.3,27.17 2 0
github.com/codebyoketch/wa-cli/cmd/logout.go:27.17,29.4 1 0
github.com/codebyoketch/wa-cli/cmd/logout.go:31.3,31.27 1 0
github.com/codebyoketch/wa-cli/cmd/logout.go:31.27,34.4 2 0
github.com/codebyoketch/wa-cli/cmd/logout.go:36.3,36.45 1 0
github.com/codebyoketch/wa-cli/cmd/logout.go:36.45,38.4 1 0
github.com/codebyoketch/wa-cli/cmd/logout.go:39.3,41.44 2 0
github.com/codebyoketch/wa-cli/cmd/logout.go:41.44,43.4 1 0
github.com/codebyoketch/wa-cli/cmd/logout.go:45.3,46.13 2 0
github.com/codebyoketch/wa-cli/cmd/logout.go:50.13,52.2 1 1
github.com/codebyoketch/wa-cli/cmd/media.go:30.50,38.55 3 1
github.com/codebyoketch/wa-cli/cmd/media.go:38.55,43.18 4 0
github.com/codebyoketch/wa-cli/cmd/media.go:43.18,45.5 1 0
github.com/codebyoketch/wa-cli/cmd/media.go:47.4,47.32 1 0
github.com/codebyoketch/wa-cli/cmd/media.go:47.32,48.28 1 0
github.com/codebyoketch/wa-cli/cmd/media.go:48.28,53.6 1 0
github.com/codebyoketch/wa-cli/cmd/media.go:59.5,59.40 1 0
github.com/codebyoketch/wa-cli/cmd/media.go:61.4,61.53 1 0
github.com/codebyoketch/wa-cli/cmd/media.go:61.53,65.5 1 0
github.com/codebyoketch/wa-cli/cmd/media.go:67.4,68.18 2 0
github.com/codebyoketch/wa-cli/cmd/media.go:68.18,70.5 1 0
github.com/codebyoketch/wa-cli/cmd/media.go:71.4,71.56 1 0
github.com/codebyoketch/wa-cli/cmd/media.go:71.56,73.5 1 0
github.com/codebyoketch/wa-cli/cmd/media.go:75.4,76.18 2 0
github.com/codebyoketch/wa-cli/cmd/media.go:76.18,78.5 1 0
github.com/codebyoketch/wa-cli/cmd/media.go:79.4,81.16 2 0
github.com/codebyoketch/wa-cli/cmd/media.go:82.17,83.65 1 0
github.com/codebyoketch/wa-cli/cmd/media.go:84.17,85.65 1 0
github.com/codebyoketch/wa-cli/cmd/media.go:86.17,87.63 1 0
github.com/codebyoketch/wa-cli/cmd/media.go:88.20,90.19 2 0
github.com/codebyoketch/wa-cli/cmd/media.go:90.19,92.6 1 0
github.com/codebyoketch/wa-cli/cmd/media.go:93.5,93.74 1 0
github.com/codebyoketch/wa-cli/cmd/media.go:94.19,95.58 1 0
github.com/codebyoketch/wa-cli/cmd/media.go:97.4,97.18 1 0
github.com/codebyoketch/wa-cli/cmd/media.go:97.18,99.5 1 0
github.com/codebyoketch/wa-cli/cmd/media.go:101.4,104.14 3 0
github.com/codebyoketch/wa-cli/cmd/media.go:108.2,108.14 1 1
github.com/codebyoketch/wa-cli/cmd/media.go:109.36,110.69 1 1
github.com/codebyoketch/wa-cli/cmd/media.go:112.2,112.24 1 1
github.com/codebyoketch/wa-cli/cmd/media.go:112.24,114.3 1 1
github.com/codebyoketch/wa-cli/cmd/media.go:115.2,115.21 1 1
github.com/codebyoketch/wa-cli/cmd/media.go:115.21,117.3 1 1
github.com/codebyoketch/wa-cli/cmd/media.go:119.2,119.12 1 1
github.com/codebyoketch/wa-cli/cmd/media.go:122.37,123.40 1 1
github.com/codebyoketch/wa-cli/cmd/media.go:123.40,125.3 1 1
github.com/codebyoketch/wa-cli/cmd/media.go:126.2,126.12 1 1
github.com/codebyoketch/wa-cli/cmd/media.go:136.54,141.17 4 0
github.com/codebyoketch/wa-cli/cmd/media.go:141.17,143.4 1 0
github.com/codebyoketch/wa-cli/cmd/media.go:145.3,147.17 3 0
github.com/codebyoketch/wa-cli/cmd/media.go:147.17,149.4 1 0
github.com/codebyoketch/wa-cli/cmd/media.go:151.3,152.17 2 0
github.com/codebyoketch/wa-cli/cmd/media.go:152.17,154.4 1 0
github.com/codebyoketch/wa-cli/cmd/media.go:155.3,158.17 3 0
github.com/codebyoketch/wa-cli/cmd/media.go:158.17,160.4 1 0
github.com/codebyoketch/wa-cli/cmd/media.go:162.3,163.21 2 0
github.com/codebyoketch/wa-cli/cmd/media.go:163.21,165.4 1 0
github.com/codebyoketch/wa-cli/cmd/media.go:165.9,167.4 1 0
github.com/codebyoketch/wa-cli/cmd/media.go:169.3,169.60 1 0
github.com/codebyoketch/wa-cli/cmd/media.go:169.60,171.4 1 0
github.com/codebyoketch/wa-cli/cmd/media.go:173.3,174.13 2 0
github.com/codebyoketch/wa-cli/cmd/media.go:182.54,184.17 2 0
github.com/codebyoketch/wa-cli/cmd/media.go:184.17,186.4 1 0
github.com/codebyoketch/wa-cli/cmd/media.go:188.3,190.17 3 0
github.com/codebyoketch/wa-cli/cmd/media.go:190.17,192.4 1 0
github.com/codebyoketch/wa-cli/cmd/media.go:194.3,195.26 2 0
github.com/codebyoketch/wa-cli/cmd/media.go:195.26,196.25 1 0
github.com/codebyoketch/wa-cli/cmd/media.go:196.25,198.5 1 0
github.com/codebyoketch/wa-cli/cmd/media.go:201.3,201.19 1 0
github.com/codebyoketch/wa-cli/cmd/media.go:201.19,202.24 1 0
github.com/codebyoketch/wa-cli/cmd/media.go:202.24,204.5 1 0
github.com/codebyoketch/wa-cli/cmd/media.go:205.4,205.36 1 0
github.com/codebyoketch/wa-cli/cmd/media.go:208.3,208.26 1 0
github.com/codebyoketch/wa-cli/cmd/media.go:208.26,211.4 2 0
github.com/codebyoketch/wa-cli/cmd/media.go:212.3,212.31 1 0
github.com/codebyoketch/wa-cli/cmd/media.go:212.31,219.30 2 0
github.com/codebyoketch/wa-cli/cmd/media.go:219.30,220.24 1 0
github.com/codebyoketch/wa-cli/cmd/media.go:220.24,222.11 2 0
github.com/codebyoketch/wa-cli/cmd/media.go:225.4,226.16 2 0
github.com/codebyoketch/wa-cli/cmd/media.go:226.16,228.5 1 0
github.com/codebyoketch/wa-cli/cmd/media.go:229.4,231.20 3 0
github.com/codebyoketch/wa-cli/cmd/media.go:231.20,233.5 1 0
github.com/codebyoketch/wa-cli/cmd/media.go:234.4,234.17 1 0
github.com/codebyoketch/wa-cli/cmd/media.go:236.3,236.13 1 0
github.com/codebyoketch/wa-cli/cmd/media.go:240.13,250.2 3 1
github.com/codebyoketch/wa-cli/cmd/media.go:254.57,256.16 2 0
github.com/codebyoketch/wa-cli/cmd/media.go:256.16,258.3 1 0
github.com/codebyoketch/wa-cli/cmd/media.go:259.2,260.20 2 0
github.com/codebyoketch/wa-cli/cmd/media.go:260.20,262.3 1 0
github.com/codebyoketch/wa-cli/cmd/media.go:263.2,263.28 1 0
github.com/codebyoketch/wa-cli/cmd/media.go:271.37,273.2 1 0
github.com/codebyoketch/wa-cli/cmd/media.go:277.72,279.16 2 0
github.com/codebyoketch/wa-cli/cmd/media.go:279.16,281.3 1 0
github.com/codebyoketch/wa-cli/cmd/media.go:282.2,282.79 1 0
github.com/codebyoketch/wa-cli/cmd/media.go:282.79,284.3 1 0
github.com/codebyoketch/wa-cli/cmd/media.go:285.2,285.13 1 0
github.com/codebyoketch/wa-cli/cmd/reply.go:20.117,21.20 1 0
github.com/codebyoketch/wa-cli/cmd/reply.go:21.20,23.4 1 0
github.com/codebyoketch/wa-cli/cmd/reply.go:24.3,24.75 1 0
github.com/codebyoketch/wa-cli/cmd/reply.go:26.54,33.17 6 0
github.com/codebyoketch/wa-cli/cmd/reply.go:33.17,35.4 1 0
github.com/codebyoketch/wa-cli/cmd/reply.go:37.3,39.17 3 0
github.com/codebyoketch/wa-cli/cmd/reply.go:39.17,41.4 1 0
github.com/codebyoketch/wa-cli/cmd/reply.go:43.3,43.55 1 0
github.com/codebyoketch/wa-cli/cmd/reply.go:43.55,45.4 1 0
github.com/codebyoketch/wa-cli/cmd/reply.go:47.3,48.17 2 0
github.com/codebyoketch/wa-cli/cmd/reply.go:48.17,50.4 1 0
github.com/codebyoketch/wa-cli/cmd/reply.go:51.3,54.17 3 0
github.com/codebyoketch/wa-cli/cmd/reply.go:54.17,56.4 1 0
github.com/codebyoketch/wa-cli/cmd/reply.go:58.3,62.13 4 0
github.com/codebyoketch/wa-cli/cmd/reply.go:66.13,68.2 1 1
github.com/codebyoketch/wa-cli/cmd/root.go:21.54,23.3 1 0
github.com/codebyoketch/wa-cli/cmd/root.go:26.13,29.16 3 1
github.com/codebyoketch/wa-cli/cmd/root.go:29.16,32.3 2 0
github.com/codebyoketch/wa-cli/cmd/root.go:36.16,37.42 1 0
github.com/codebyoketch/wa-cli/cmd/root.go:37.42,39.3 1 0
github.com/codebyoketch/wa-cli/cmd/send.go:17.117,18.20 1 0
github.com/codebyoketch/wa-cli/cmd/send.go:18.20,20.4 1 0
github.com/codebyoketch/wa-cli/cmd/send.go:21.3,21.75 1 0
github.com/codebyoketch/wa-cli/cmd/send.go:23.54,29.17 5 0
github.com/codebyoketch/wa-cli/cmd/send.go:29.17,31.4 1 0
github.com/codebyoketch/wa-cli/cmd/send.go:33.3,33.55 1 0
github.com/codebyoketch/wa-cli/cmd/send.go:33.55,35.4 1 0
github.com/codebyoketch/wa-cli/cmd/send.go:37.3,38.17 2 0
github.com/codebyoketch/wa-cli/cmd/send.go:38.17,40.4 1 0
github.com/codebyoketch/wa-cli/cmd/send.go:41.3,44.17 3 0
github.com/codebyoketch/wa-cli/cmd/send.go:44.17,46.4 1 0
github.com/codebyoketch/wa-cli/cmd/send.go:48.3,52.13 4 0
github.com/codebyoketch/wa-cli/cmd/send.go:56.13,58.2 1 1
github.com/codebyoketch/wa-cli/cmd/send_shared.go:30.52,33.16 3 0
github.com/codebyoketch/wa-cli/cmd/send_shared.go:33.16,35.3 1 0
github.com/codebyoketch/wa-cli/cmd/send_shared.go:37.2,39.26 3 0
github.com/codebyoketch/wa-cli/cmd/send_shared.go:39.26,40.19 1 0
github.com/codebyoketch/wa-cli/cmd/send_shared.go:40.19,41.12 1 0
github.com/codebyoketch/wa-cli/cmd/send_shared.go:43.3,43.52 1 0
github.com/codebyoketch/wa-cli/cmd/send_shared.go:43.52,45.4 1 0
github.com/codebyoketch/wa-cli/cmd/send_shared.go:47.2,47.14 1 0
github.com/codebyoketch/wa-cli/cmd/send_shared.go:55.51,56.35 1 0
github.com/codebyoketch/wa-cli/cmd/send_shared.go:56.35,57.53 1 0
github.com/codebyoketch/wa-cli/cmd/send_shared.go:57.53,59.4 1 0
github.com/codebyoketch/wa-cli/cmd/send_shared.go:62.2,62.50 1 0
github.com/codebyoketch/wa-cli/cmd/send_shared.go:62.50,64.3 1 0
github.com/codebyoketch/wa-cli/cmd/send_shared.go:66.2,67.41 2 0
github.com/codebyoketch/wa-cli/cmd/send_shared.go:67.41,68.73 1 0
github.com/codebyoketch/wa-cli/cmd/send_shared.go:68.73,70.4 1 0
github.com/codebyoketch/wa-cli/cmd/send_shared.go:73.2,74.169 1 0
github.com/codebyoketch/wa-cli/cmd/send_shared.go:77.33,78.22 1 0
github.com/codebyoketch/wa-cli/cmd/send_shared.go:78.22,79.25 1 0
github.com/codebyoketch/wa-cli/cmd/send_shared.go:79.25,81.4 1 0
github.com/codebyoketch/wa-cli/cmd/send_shared.go:83.2,83.13 1 0
github.com/codebyoketch/wa-cli/cmd/send_shared.go:89.91,91.16 2 0
github.com/codebyoketch/wa-cli/cmd/send_shared.go:91.16,93.3 1 0
github.com/codebyoketch/wa-cli/cmd/send_shared.go:94.2,94.47 1 0
github.com/codebyoketch/wa-cli/cmd/send_shared.go:94.47,95.33 1 0
github.com/codebyoketch/wa-cli/cmd/send_shared.go:95.33,98.4 1 0
github.com/codebyoketch/wa-cli/cmd/send_shared.go:99.3,99.26 1 0
github.com/codebyoketch/wa-cli/cmd/send_shared.go:101.2,101.25 1 0
github.com/codebyoketch/wa-cli/cmd/send_shared.go:101.25,102.18 1 0
github.com/codebyoketch/wa-cli/cmd/send_shared.go:102.18,104.4 1 0
github.com/codebyoketch/wa-cli/cmd/send_shared.go:106.2,106.85 1 0
github.com/codebyoketch/wa-cli/cmd/send_shared.go:112.43,119.16 3 0
github.com/codebyoketch/wa-cli/cmd/send_shared.go:119.16,121.3 1 0
github.com/codebyoketch/wa-cli/cmd/send_shared.go:122.2,122.9 1 0
github.com/codebyoketch/wa-cli/cmd/send_shared.go:122.9,124.3 1 0
github.com/codebyoketch/wa-cli/cmd/send_shared.go:126.2,126.35 1 0
github.com/codebyoketch/wa-cli/cmd/send_shared.go:126.35,129.17 3 0
github.com/codebyoketch/wa-cli/cmd/send_shared.go:129.17,131.4 1 0
github.com/codebyoketch/wa-cli/cmd/send_shared.go:132.3,132.13 1 0
github.com/codebyoketch/wa-cli/cmd/send_shared.go:132.13,136.55 4 0
github.com/codebyoketch/wa-cli/cmd/send_shared.go:136.55,138.5 1 0
github.com/codebyoketch/wa-cli/cmd/send_shared.go:141.2,141.12 1 0
github.com/codebyoketch/wa-cli/cmd/send_shared.go:147.38,153.41 2 0
github.com/codebyoketch/wa-cli/cmd/send_shared.go:153.41,155.3 1 0
github.com/codebyoketch/wa-cli/cmd/send_shared.go:157.2,158.48 2 0
github.com/codebyoketch/wa-cli/cmd/send_shared.go:158.48,160.3 1 0
github.com/codebyoketch/wa-cli/cmd/send_shared.go:169.79,170.30 1 0
github.com/codebyoketch/wa-cli/cmd/send_shared.go:170.30,172.3 1 0
github.com/codebyoketch/wa-cli/cmd/send_shared.go:174.2,175.93 2 0
github.com/codebyoketch/wa-cli/cmd/send_shared.go:175.93,177.3 1 0
github.com/codebyoketch/wa-cli/cmd/send_shared.go:179.2,188.16 2 0
github.com/codebyoketch/wa-cli/cmd/send_shared.go:188.16,190.3 1 0
github.com/codebyoketch/wa-cli/cmd/send_shared.go:195.103,198.16 3 0
github.com/codebyoketch/wa-cli/cmd/send_shared.go:198.16,200.3 1 0
github.com/codebyoketch/wa-cli/cmd/send_shared.go:202.2,206.16 4 0
github.com/codebyoketch/wa-cli/cmd/send_shared.go:206.16,208.3 1 0
github.com/codebyoketch/wa-cli/cmd/send_shared.go:209.2,209.26 1 0
github.com/codebyoketch/wa-cli/cmd/send_shared.go:209.26,211.3 1 0
github.com/codebyoketch/wa-cli/cmd/send_shared.go:212.2,212.44 1 0
github.com/codebyoketch/wa-cli/cmd/send_shared.go:212.44,214.3 1 0
github.com/codebyoketch/wa-cli/cmd/send_shared.go:216.2,216.28 1 0
github.com/codebyoketch/wa-cli/cmd/status.go:17.54,20.44 3 0
github.com/codebyoketch/wa-cli/cmd/status.go:20.44,25.18 4 0
github.com/codebyoketch/wa-cli/cmd/status.go:25.18,27.5 1 0
github.com/codebyoketch/wa-cli/cmd/status.go:29.4,30.18 2 0
github.com/codebyoketch/wa-cli/cmd/status.go:30.18,32.5 1 0
github.com/codebyoketch/wa-cli/cmd/status.go:34.4,35.16 2 0
github.com/codebyoketch/wa-cli/cmd/status.go:35.16,37.5 1 0
github.com/codebyoketch/wa-cli/cmd/status.go:38.4,38.14 1 0
github.com/codebyoketch/wa-cli/cmd/status.go:40.3,40.17 1 0
github.com/codebyoketch/wa-cli/cmd/status.go:40.17,42.4 1 0
github.com/codebyoketch/wa-cli/cmd/status.go:44.3,44.19 1 0
github.com/codebyoketch/wa-cli/cmd/status.go:44.19,49.4 1 0
github.com/codebyoketch/wa-cli/cmd/status.go:51.3,51.16 1 0
github.com/codebyoketch/wa-cli/cmd/status.go:51.16,54.4 2 0
github.com/codebyoketch/wa-cli/cmd/status.go:55.3,56.13 2 0
github.com/codebyoketch/wa-cli/cmd/status.go:60.13,62.2 1 1
github.com/codebyoketch/wa-cli/cmd/std_log.go:20.50,23.15 3 0
github.com/codebyoketch/wa-cli/cmd/std_log.go:23.15,23.35 1 0
github.com/codebyoketch/wa-cli/cmd/std_log.go:24.2,24.13 1 0
github.com/codebyoketch/wa-cli/cmd/version.go:14.54,17.3 2 0
github.com/codebyoketch/wa-cli/cmd/version.go:20.13,22.2 1 1
github.com/codebyoketch/wa-cli/cmd/watch.go:31.54,37.17 5 0
github.com/codebyoketch/wa-cli/cmd/watch.go:37.17,39.4 1 0
github.com/codebyoketch/wa-cli/cmd/watch.go:41.3,45.17 4 0
github.com/codebyoketch/wa-cli/cmd/watch.go:45.17,47.4 1 0
github.com/codebyoketch/wa-cli/cmd/watch.go:48.3,48.27 1 0
github.com/codebyoketch/wa-cli/cmd/watch.go:48.27,50.4 1 0
github.com/codebyoketch/wa-cli/cmd/watch.go:51.3,53.34 2 0
github.com/codebyoketch/wa-cli/cmd/watch.go:57.13,59.2 1 1
github.com/codebyoketch/wa-cli/internal/cli/cli.go:40.45,42.2 1 0
github.com/codebyoketch/wa-cli/internal/cli/cli.go:45.48,46.25 1 0
github.com/codebyoketch/wa-cli/internal/cli/cli.go:46.25,49.3 2 0
github.com/codebyoketch/wa-cli/internal/cli/cli.go:53.33,54.48 1 0
github.com/codebyoketch/wa-cli/internal/cli/cli.go:54.48,56.3 1 0
github.com/codebyoketch/wa-cli/internal/cli/cli.go:57.2,57.14 1 0
github.com/codebyoketch/wa-cli/internal/cli/cli.go:61.35,62.18 1 0
github.com/codebyoketch/wa-cli/internal/cli/cli.go:62.18,64.3 1 0
github.com/codebyoketch/wa-cli/internal/cli/cli.go:65.2,65.21 1 0
github.com/codebyoketch/wa-cli/internal/cli/cli.go:65.21,67.3 1 0
github.com/codebyoketch/wa-cli/internal/cli/cli.go:68.2,68.18 1 0
github.com/codebyoketch/wa-cli/internal/cli/cli.go:72.40,73.21 1 0
github.com/codebyoketch/wa-cli/internal/cli/cli.go:73.21,75.3 1 0
github.com/codebyoketch/wa-cli/internal/cli/cli.go:76.2,76.48 1 0
github.com/codebyoketch/wa-cli/internal/cli/cli.go:80.35,82.2 1 0
github.com/codebyoketch/wa-cli/internal/cli/cli.go:84.48,86.19 1 0
github.com/codebyoketch/wa-cli/internal/cli/cli.go:86.19,88.41 2 0
github.com/codebyoketch/wa-cli/internal/cli/cli.go:88.41,91.4 2 0
github.com/codebyoketch/wa-cli/internal/cli/cli.go:92.3,92.34 1 0
github.com/codebyoketch/wa-cli/internal/cli/cli.go:92.34,93.27 1 0
github.com/codebyoketch/wa-cli/internal/cli/cli.go:93.27,95.5 1 0
github.com/codebyoketch/wa-cli/internal/cli/cli.go:99.2,99.59 1 0
github.com/codebyoketch/wa-cli/internal/cli/cli.go:99.59,102.3 2 0
github.com/codebyoketch/wa-cli/internal/cli/cli.go:104.2,104.18 1 0
github.com/codebyoketch/wa-cli/internal/cli/cli.go:104.18,105.20 1 0
github.com/codebyoketch/wa-cli/internal/cli/cli.go:105.20,109.4 3 0
github.com/codebyoketch/wa-cli/internal/cli/cli.go:110.3,111.13 2 0
github.com/codebyoketch/wa-cli/internal/cli/cli.go:114.2,114.23 1 0
github.com/codebyoketch/wa-cli/internal/cli/cli.go:117.31,119.18 2 0
github.com/codebyoketch/wa-cli/internal/cli/cli.go:119.18,121.3 1 0
github.com/codebyoketch/wa-cli/internal/cli/cli.go:121.8,121.26 1 0
github.com/codebyoketch/wa-cli/internal/cli/cli.go:121.26,123.3 1 0
github.com/codebyoketch/wa-cli/internal/cli/cli.go:124.2,126.25 3 0
github.com/codebyoketch/wa-cli/internal/cli/cli.go:126.25,128.3 1 0
github.com/codebyoketch/wa-cli/internal/cli/cli.go:129.2,131.25 2 0
github.com/codebyoketch/wa-cli/internal/cli/cli.go:131.25,135.42 4 0
github.com/codebyoketch/wa-cli/internal/cli/cli.go:135.42,135.88 1 0
github.com/codebyoketch/wa-cli/internal/cli/cli.go:137.3,138.28 2 0
github.com/codebyoketch/wa-cli/internal/cli/cli.go:138.28,139.37 1 0
github.com/codebyoketch/wa-cli/internal/cli/cli.go:139.37,141.5 1 0
github.com/codebyoketch/wa-cli/internal/cli/cli.go:143.3,143.28 1 0
github.com/codebyoketch/wa-cli/internal/cli/cli.go:143.28,145.4 1 0
github.com/codebyoketch/wa-cli/internal/cli/cli.go:148.2,148.106 1 0
github.com/codebyoketch/wa-cli/internal/config/config.go:53.23,55.16 2 1
github.com/codebyoketch/wa-cli/internal/config/config.go:55.16,57.3 1 1
github.com/codebyoketch/wa-cli/internal/config/config.go:58.2,69.3 1 1
github.com/codebyoketch/wa-cli/internal/config/config.go:73.28,75.16 2 1
github.com/codebyoketch/wa-cli/internal/config/config.go:75.16,77.3 1 1
github.com/codebyoketch/wa-cli/internal/config/config.go:78.2,79.48 2 1
github.com/codebyoketch/wa-cli/internal/config/config.go:79.48,81.3 1 1
github.com/codebyoketch/wa-cli/internal/config/config.go:82.2,82.17 1 1
github.com/codebyoketch/wa-cli/internal/config/config.go:86.29,88.16 2 1
github.com/codebyoketch/wa-cli/internal/config/config.go:88.16,90.3 1 1
github.com/codebyoketch/wa-cli/internal/config/config.go:91.2,91.47 1 1
github.com/codebyoketch/wa-cli/internal/config/config.go:96.29,98.16 2 1
github.com/codebyoketch/wa-cli/internal/config/config.go:98.16,100.3 1 1
github.com/codebyoketch/wa-cli/internal/config/config.go:102.2,103.24 2 1
github.com/codebyoketch/wa-cli/internal/config/config.go:103.24,105.3 1 1
github.com/codebyoketch/wa-cli/internal/config/config.go:106.2,106.16 1 1
github.com/codebyoketch/wa-cli/internal/config/config.go:106.16,108.3 1 1
github.com/codebyoketch/wa-cli/internal/config/config.go:110.2,111.51 2 1
github.com/codebyoketch/wa-cli/internal/config/config.go:111.51,113.3 1 1
github.com/codebyoketch/wa-cli/internal/config/config.go:114.2,114.17 1 1
github.com/codebyoketch/wa-cli/internal/config/config.go:118.29,120.16 2 1
github.com/codebyoketch/wa-cli/internal/config/config.go:120.16,122.3 1 1
github.com/codebyoketch/wa-cli/internal/config/config.go:124.2,125.16 2 1
github.com/codebyoketch/wa-cli/internal/config/config.go:125.16,127.3 1 0
github.com/codebyoketch/wa-cli/internal/config/config.go:129.2,129.56 1 1
github.com/codebyoketch/wa-cli/internal/config/config.go:129.56,131.3 1 1
github.com/codebyoketch/wa-cli/internal/config/config.go:132.2,132.12 1 1
github.com/codebyoketch/wa-cli/internal/errors/errors.go:38.40,39.16 1 1
github.com/codebyoketch/wa-cli/internal/errors/errors.go:39.16,41.3 1 1
github.com/codebyoketch/wa-cli/internal/errors/errors.go:42.2,42.39 1 1
github.com/codebyoketch/wa-cli/internal/errors/errors.go:46.57,47.16 1 1
github.com/codebyoketch/wa-cli/internal/errors/errors.go:47.16,49.3 1 1
github.com/codebyoketch/wa-cli/internal/errors/errors.go:50.2,50.61 1 1
github.com/codebyoketch/wa-cli/internal/logger/logger.go:23.37,29.15 4 1
github.com/codebyoketch/wa-cli/internal/logger/logger.go:29.15,31.3 1 1
github.com/codebyoketch/wa-cli/internal/logger/logger.go:31.8,33.3 1 1
github.com/codebyoketch/wa-cli/internal/logger/logger.go:35.2,35.26 1 1
github.com/codebyoketch/wa-cli/internal/logger/logger.go:38.38,39.47 1 1
github.com/codebyoketch/wa-cli/internal/logger/logger.go:40.15,41.25 1 1
github.com/codebyoketch/wa-cli/internal/logger/logger.go:42.25,43.24 1 1
github.com/codebyoketch/wa-cli/internal/logger/logger.go:44.15,45.25 1 1
github.com/codebyoketch/wa-cli/internal/logger/logger.go:46.10,47.24 1 1
github.com/codebyoketch/wa-cli/internal/extension/extension.go:53.36,54.18 1 1
github.com/codebyoketch/wa-cli/internal/extension/extension.go:54.18,56.3 1 0
github.com/codebyoketch/wa-cli/internal/extension/extension.go:57.2,57.72 1 1
github.com/codebyoketch/wa-cli/internal/extension/extension.go:57.72,59.3 1 1
github.com/codebyoketch/wa-cli/internal/extension/extension.go:60.2,60.24 1 1
github.com/codebyoketch/wa-cli/internal/extension/extension.go:60.24,62.3 1 0
github.com/codebyoketch/wa-cli/internal/extension/extension.go:63.2,64.86 2 1
github.com/codebyoketch/wa-cli/internal/extension/extension.go:64.86,66.3 1 1
github.com/codebyoketch/wa-cli/internal/extension/extension.go:67.2,67.12 1 1
github.com/codebyoketch/wa-cli/internal/extension/extension.go:80.44,82.2 1 1
github.com/codebyoketch/wa-cli/internal/extension/extension.go:86.28,88.16 2 1
github.com/codebyoketch/wa-cli/internal/extension/extension.go:88.16,90.3 1 0
github.com/codebyoketch/wa-cli/internal/extension/extension.go:91.2,92.48 2 1
github.com/codebyoketch/wa-cli/internal/extension/extension.go:92.48,94.3 1 0
github.com/codebyoketch/wa-cli/internal/extension/extension.go:95.2,95.17 1 1
github.com/codebyoketch/wa-cli/internal/extension/extension.go:107.49,108.37 1 1
github.com/codebyoketch/wa-cli/internal/extension/extension.go:108.37,110.3 1 0
github.com/codebyoketch/wa-cli/internal/extension/extension.go:111.2,111.48 1 1
github.com/codebyoketch/wa-cli/internal/extension/extension.go:111.48,113.3 1 0
github.com/codebyoketch/wa-cli/internal/extension/extension.go:115.2,116.16 2 1
github.com/codebyoketch/wa-cli/internal/extension/extension.go:116.16,118.3 1 0
github.com/codebyoketch/wa-cli/internal/extension/extension.go:120.2,121.16 2 1
github.com/codebyoketch/wa-cli/internal/extension/extension.go:121.16,123.3 1 0
github.com/codebyoketch/wa-cli/internal/extension/extension.go:124.2,130.39 6 1
github.com/codebyoketch/wa-cli/internal/extension/extension.go:130.39,132.3 1 0
github.com/codebyoketch/wa-cli/internal/extension/extension.go:134.2,135.16 2 1
github.com/codebyoketch/wa-cli/internal/extension/extension.go:135.16,137.3 1 1
github.com/codebyoketch/wa-cli/internal/extension/extension.go:139.2,140.53 2 1
github.com/codebyoketch/wa-cli/internal/extension/extension.go:140.53,142.3 1 0
github.com/codebyoketch/wa-cli/internal/extension/extension.go:142.8,142.25 1 1
github.com/codebyoketch/wa-cli/internal/extension/extension.go:142.25,144.3 1 0
github.com/codebyoketch/wa-cli/internal/extension/extension.go:147.2,150.46 3 1
github.com/codebyoketch/wa-cli/internal/extension/extension.go:150.46,152.3 1 1
github.com/codebyoketch/wa-cli/internal/extension/extension.go:154.2,154.56 1 1
github.com/codebyoketch/wa-cli/internal/extension/extension.go:154.56,156.3 1 0
github.com/codebyoketch/wa-cli/internal/extension/extension.go:158.2,158.61 1 1
github.com/codebyoketch/wa-cli/internal/extension/extension.go:162.54,164.24 2 1
github.com/codebyoketch/wa-cli/internal/extension/extension.go:164.24,166.3 1 1
github.com/codebyoketch/wa-cli/internal/extension/extension.go:167.2,167.16 1 1
github.com/codebyoketch/wa-cli/internal/extension/extension.go:167.16,169.3 1 0
github.com/codebyoketch/wa-cli/internal/extension/extension.go:171.2,172.49 2 1
github.com/codebyoketch/wa-cli/internal/extension/extension.go:172.49,174.3 1 0
github.com/codebyoketch/wa-cli/internal/extension/extension.go:175.2,175.37 1 1
github.com/codebyoketch/wa-cli/internal/extension/extension.go:175.37,177.3 1 1
github.com/codebyoketch/wa-cli/internal/extension/extension.go:178.2,178.15 1 1
github.com/codebyoketch/wa-cli/internal/extension/extension.go:185.46,187.16 2 1
github.com/codebyoketch/wa-cli/internal/extension/extension.go:187.16,189.3 1 0
github.com/codebyoketch/wa-cli/internal/extension/extension.go:191.2,192.16 2 1
github.com/codebyoketch/wa-cli/internal/extension/extension.go:192.16,194.3 1 0
github.com/codebyoketch/wa-cli/internal/extension/extension.go:196.2,196.32 1 1
github.com/codebyoketch/wa-cli/internal/extension/extension.go:196.32,197.61 1 1
github.com/codebyoketch/wa-cli/internal/extension/extension.go:197.61,198.12 1 0
github.com/codebyoketch/wa-cli/internal/extension/extension.go:200.3,202.17 3 1
github.com/codebyoketch/wa-cli/internal/extension/extension.go:202.17,204.12 2 0
github.com/codebyoketch/wa-cli/internal/extension/extension.go:206.3,206.65 1 1
github.com/codebyoketch/wa-cli/internal/extension/extension.go:208.2,208.19 1 1
github.com/codebyoketch/wa-cli/internal/extension/extension.go:212.43,214.16 2 1
github.com/codebyoketch/wa-cli/internal/extension/extension.go:214.16,216.3 1 0
github.com/codebyoketch/wa-cli/internal/extension/extension.go:217.2,218.49 2 1
github.com/codebyoketch/wa-cli/internal/extension/extension.go:218.49,220.3 1 1
github.com/codebyoketch/wa-cli/internal/extension/extension.go:221.2,222.16 2 1
github.com/codebyoketch/wa-cli/internal/extension/extension.go:222.16,224.3 1 0
github.com/codebyoketch/wa-cli/internal/extension/extension.go:225.2,225.56 1 1
github.com/codebyoketch/wa-cli/internal/extension/extension.go:229.32,231.16 2 1
github.com/codebyoketch/wa-cli/internal/extension/extension.go:231.16,233.3 1 1
github.com/codebyoketch/wa-cli/internal/extension/extension.go:234.2,234.47 1 1
github.com/codebyoketch/wa-cli/internal/extension/extension.go:234.47,236.3 1 0
github.com/codebyoketch/wa-cli/internal/extension/extension.go:237.2,237.12 1 1
github.com/codebyoketch/wa-cli/internal/extension/extension.go:249.44,251.16 2 1
github.com/codebyoketch/wa-cli/internal/extension/extension.go:251.16,253.3 1 1
github.com/codebyoketch/wa-cli/internal/extension/extension.go:255.2,261.32 6 1
github.com/codebyoketch/wa-cli/internal/extension/extension.go:261.32,263.33 2 0
github.com/codebyoketch/wa-cli/internal/extension/extension.go:263.33,268.4 1 0
github.com/codebyoketch/wa-cli/internal/extension/extension.go:269.3,269.59 1 0
github.com/codebyoketch/wa-cli/internal/extension/extension.go:271.2,271.12 1 1
github.com/codebyoketch/wa-cli/internal/msgstore/msgstore.go:47.33,49.2 1 1
github.com/codebyoketch/wa-cli/internal/msgstore/msgstore.go:53.43,58.16 4 1
github.com/codebyoketch/wa-cli/internal/msgstore/msgstore.go:58.16,60.3 1 0
github.com/codebyoketch/wa-cli/internal/msgstore/msgstore.go:62.2,63.32 2 1
github.com/codebyoketch/wa-cli/internal/msgstore/msgstore.go:63.32,65.3 1 1
github.com/codebyoketch/wa-cli/internal/msgstore/msgstore.go:66.2,68.20 2 1
github.com/codebyoketch/wa-cli/internal/msgstore/msgstore.go:73.57,78.16 4 1
github.com/codebyoketch/wa-cli/internal/msgstore/msgstore.go:78.16,80.3 1 0
github.com/codebyoketch/wa-cli/internal/msgstore/msgstore.go:81.2,81.26 1 1
github.com/codebyoketch/wa-cli/internal/msgstore/msgstore.go:86.64,91.16 4 1
github.com/codebyoketch/wa-cli/internal/msgstore/msgstore.go:91.16,93.3 1 0
github.com/codebyoketch/wa-cli/internal/msgstore/msgstore.go:94.2,94.33 1 1
github.com/codebyoketch/wa-cli/internal/msgstore/msgstore.go:94.33,95.17 1 1
github.com/codebyoketch/wa-cli/internal/msgstore/msgstore.go:95.17,97.4 1 1
github.com/codebyoketch/wa-cli/internal/msgstore/msgstore.go:99.2,99.30 1 1
github.com/codebyoketch/wa-cli/internal/msgstore/msgstore.go:102.54,104.24 2 1
github.com/codebyoketch/wa-cli/internal/msgstore/msgstore.go:104.24,106.3 1 1
github.com/codebyoketch/wa-cli/internal/msgstore/msgstore.go:107.2,107.16 1 1
github.com/codebyoketch/wa-cli/internal/msgstore/msgstore.go:107.16,109.3 1 0
github.com/codebyoketch/wa-cli/internal/msgstore/msgstore.go:110.2,111.51 2 1
github.com/codebyoketch/wa-cli/internal/msgstore/msgstore.go:111.51,113.3 1 0
github.com/codebyoketch/wa-cli/internal/msgstore/msgstore.go:114.2,114.16 1 1
github.com/codebyoketch/wa-cli/internal/msgstore/msgstore.go:114.16,116.3 1 0
github.com/codebyoketch/wa-cli/internal/msgstore/msgstore.go:117.2,117.17 1 1
github.com/codebyoketch/wa-cli/internal/msgstore/msgstore.go:120.54,121.65 1 1
github.com/codebyoketch/wa-cli/internal/msgstore/msgstore.go:121.65,123.3 1 0
github.com/codebyoketch/wa-cli/internal/msgstore/msgstore.go:124.2,125.16 2 1
github.com/codebyoketch/wa-cli/internal/msgstore/msgstore.go:125.16,127.3 1 0
github.com/codebyoketch/wa-cli/internal/msgstore/msgstore.go:128.2,128.58 1 1
github.com/codebyoketch/wa-cli/internal/msgstore/msgstore.go:128.58,130.3 1 0
github.com/codebyoketch/wa-cli/internal/msgstore/msgstore.go:131.2,131.12 1 1
github.com/codebyoketch/wa-cli/internal/qr/qr.go:11.25,13.2 1 0
github.com/codebyoketch/wa-cli/internal/notify/notify.go:13.37,15.2 1 0
github.com/codebyoketch/wa-cli/internal/safety/guard.go:25.33,27.2 1 1
github.com/codebyoketch/wa-cli/internal/safety/guard.go:31.51,36.16 4 1
github.com/codebyoketch/wa-cli/internal/safety/guard.go:36.16,38.3 1 0
github.com/codebyoketch/wa-cli/internal/safety/guard.go:39.2,39.24 1 1
github.com/codebyoketch/wa-cli/internal/safety/guard.go:45.45,50.16 4 1
github.com/codebyoketch/wa-cli/internal/safety/guard.go:50.16,52.3 1 0
github.com/codebyoketch/wa-cli/internal/safety/guard.go:53.2,53.16 1 1
github.com/codebyoketch/wa-cli/internal/safety/guard.go:53.16,55.3 1 0
github.com/codebyoketch/wa-cli/internal/safety/guard.go:56.2,57.22 2 1
github.com/codebyoketch/wa-cli/internal/safety/guard.go:60.49,62.24 2 1
github.com/codebyoketch/wa-cli/internal/safety/guard.go:62.24,64.3 1 1
github.com/codebyoketch/wa-cli/internal/safety/guard.go:65.2,65.16 1 1
github.com/codebyoketch/wa-cli/internal/safety/guard.go:65.16,67.3 1 0
github.com/codebyoketch/wa-cli/internal/safety/guard.go:68.2,69.53 2 1
github.com/codebyoketch/wa-cli/internal/safety/guard.go:69.53,71.3 1 0
github.com/codebyoketch/wa-cli/internal/safety/guard.go:72.2,72.18 1 1
github.com/codebyoketch/wa-cli/internal/safety/guard.go:72.18,74.3 1 0
github.com/codebyoketch/wa-cli/internal/safety/guard.go:75.2,75.19 1 1
github.com/codebyoketch/wa-cli/internal/safety/guard.go:78.51,79.65 1 1
github.com/codebyoketch/wa-cli/internal/safety/guard.go:79.65,81.3 1 0
github.com/codebyoketch/wa-cli/internal/safety/guard.go:82.2,83.16 2 1
github.com/codebyoketch/wa-cli/internal/safety/guard.go:83.16,85.3 1 0
github.com/codebyoketch/wa-cli/internal/safety/guard.go:86.2,86.58 1 1
github.com/codebyoketch/wa-cli/internal/safety/guard.go:86.58,88.3 1 0
github.com/codebyoketch/wa-cli/internal/safety/guard.go:89.2,89.12 1 1
github.com/codebyoketch/wa-cli/internal/ratelimit/ratelimit.go:32.29,38.2 1 0
github.com/codebyoketch/wa-cli/internal/ratelimit/ratelimit.go:48.47,53.2 1 1
github.com/codebyoketch/wa-cli/internal/ratelimit/ratelimit.go:68.36,70.21 2 1
github.com/codebyoketch/wa-cli/internal/ratelimit/ratelimit.go:70.21,72.3 1 1
github.com/codebyoketch/wa-cli/internal/ratelimit/ratelimit.go:73.2,73.19 1 1
github.com/codebyoketch/wa-cli/internal/ratelimit/ratelimit.go:73.19,75.3 1 1
github.com/codebyoketch/wa-cli/internal/ratelimit/ratelimit.go:76.2,76.18 1 1
github.com/codebyoketch/wa-cli/internal/ratelimit/ratelimit.go:76.18,78.3 1 0
github.com/codebyoketch/wa-cli/internal/ratelimit/ratelimit.go:79.2,79.11 1 1
github.com/codebyoketch/wa-cli/internal/ratelimit/ratelimit.go:85.96,90.16 4 1
github.com/codebyoketch/wa-cli/internal/ratelimit/ratelimit.go:90.16,92.3 1 0
github.com/codebyoketch/wa-cli/internal/ratelimit/ratelimit.go:94.2,98.36 4 1
github.com/codebyoketch/wa-cli/internal/ratelimit/ratelimit.go:98.36,102.32 4 1
github.com/codebyoketch/wa-cli/internal/ratelimit/ratelimit.go:102.32,103.20 1 1
github.com/codebyoketch/wa-cli/internal/ratelimit/ratelimit.go:103.20,105.51 2 1
github.com/codebyoketch/wa-cli/internal/ratelimit/ratelimit.go:105.51,107.6 1 1
github.com/codebyoketch/wa-cli/internal/ratelimit/ratelimit.go:110.3,110.23 1 1
github.com/codebyoketch/wa-cli/internal/ratelimit/ratelimit.go:110.23,112.24 2 1
github.com/codebyoketch/wa-cli/internal/ratelimit/ratelimit.go:112.24,115.5 2 1
github.com/codebyoketch/wa-cli/internal/ratelimit/ratelimit.go:119.2,119.19 1 1
github.com/codebyoketch/wa-cli/internal/ratelimit/ratelimit.go:119.19,121.3 1 1
github.com/codebyoketch/wa-cli/internal/ratelimit/ratelimit.go:122.2,122.25 1 1
github.com/codebyoketch/wa-cli/internal/ratelimit/ratelimit.go:127.34,132.16 4 1
github.com/codebyoketch/wa-cli/internal/ratelimit/ratelimit.go:132.16,134.3 1 0
github.com/codebyoketch/wa-cli/internal/ratelimit/ratelimit.go:135.2,136.19 2 1
github.com/codebyoketch/wa-cli/internal/ratelimit/ratelimit.go:139.41,141.24 2 1
github.com/codebyoketch/wa-cli/internal/ratelimit/ratelimit.go:141.24,143.3 1 1
github.com/codebyoketch/wa-cli/internal/ratelimit/ratelimit.go:144.2,144.16 1 1
github.com/codebyoketch/wa-cli/internal/ratelimit/ratelimit.go:144.16,146.3 1 0
github.com/codebyoketch/wa-cli/internal/ratelimit/ratelimit.go:148.2,149.50 2 1
github.com/codebyoketch/wa-cli/internal/ratelimit/ratelimit.go:149.50,151.3 1 0
github.com/codebyoketch/wa-cli/internal/ratelimit/ratelimit.go:155.2,156.36 2 1
github.com/codebyoketch/wa-cli/internal/ratelimit/ratelimit.go:156.36,157.24 1 1
github.com/codebyoketch/wa-cli/internal/ratelimit/ratelimit.go:157.24,159.4 1 0
github.com/codebyoketch/wa-cli/internal/ratelimit/ratelimit.go:161.2,163.31 3 1
github.com/codebyoketch/wa-cli/internal/ratelimit/ratelimit.go:163.31,164.19 1 1
github.com/codebyoketch/wa-cli/internal/ratelimit/ratelimit.go:164.19,166.4 1 1
github.com/codebyoketch/wa-cli/internal/ratelimit/ratelimit.go:168.2,170.16 2 1
github.com/codebyoketch/wa-cli/internal/ratelimit/ratelimit.go:173.40,174.65 1 1
github.com/codebyoketch/wa-cli/internal/ratelimit/ratelimit.go:174.65,176.3 1 0
github.com/codebyoketch/wa-cli/internal/ratelimit/ratelimit.go:177.2,178.16 2 1
github.com/codebyoketch/wa-cli/internal/ratelimit/ratelimit.go:178.16,180.3 1 0
github.com/codebyoketch/wa-cli/internal/ratelimit/ratelimit.go:181.2,181.58 1 1
github.com/codebyoketch/wa-cli/internal/ratelimit/ratelimit.go:181.58,183.3 1 0
github.com/codebyoketch/wa-cli/internal/ratelimit/ratelimit.go:184.2,184.12 1 1
github.com/codebyoketch/wa-cli/internal/version/version.go:35.17,43.2 1 1
github.com/codebyoketch/wa-cli/internal/version/version.go:46.31,49.2 1 1
github.com/codebyoketch/wa-cli/internal/tui/tui.go:38.28,51.98 4 0
github.com/codebyoketch/wa-cli/internal/tui/tui.go:51.98,53.16 2 0
github.com/codebyoketch/wa-cli/internal/tui/tui.go:53.16,56.4 2 0
github.com/codebyoketch/wa-cli/internal/tui/tui.go:59.2,62.16 3 0
github.com/codebyoketch/wa-cli/internal/tui/tui.go:62.16,64.3 1 0
github.com/codebyoketch/wa-cli/internal/tui/tui.go:66.2,71.16 5 0
github.com/codebyoketch/wa-cli/internal/tui/tui.go:71.16,73.3 1 0
github.com/codebyoketch/wa-cli/internal/tui/tui.go:74.2,74.26 1 0
github.com/codebyoketch/wa-cli/internal/tui/tui.go:74.26,76.3 1 0
github.com/codebyoketch/wa-cli/internal/tui/tui.go:77.2,82.54 4 0
github.com/codebyoketch/wa-cli/internal/tui/tui.go:82.54,84.3 1 0
github.com/codebyoketch/wa-cli/internal/tui/tui.go:86.2,86.44 1 0
github.com/codebyoketch/wa-cli/internal/tui/tui.go:86.44,88.3 1 0
github.com/codebyoketch/wa-cli/internal/tui/tui.go:89.2,92.12 3 0
github.com/codebyoketch/wa-cli/internal/tui/tui.go:147.129,168.2 6 0
github.com/codebyoketch/wa-cli/internal/tui/tui.go:170.31,172.2 1 0
github.com/codebyoketch/wa-cli/internal/tui/tui.go:177.76,178.24 1 0
github.com/codebyoketch/wa-cli/internal/tui/tui.go:178.24,180.17 2 0
github.com/codebyoketch/wa-cli/internal/tui/tui.go:180.17,182.4 1 0
github.com/codebyoketch/wa-cli/internal/tui/tui.go:183.3,184.30 2 0
github.com/codebyoketch/wa-cli/internal/tui/tui.go:184.30,185.20 1 0
github.com/codebyoketch/wa-cli/internal/tui/tui.go:185.20,187.5 1 0
github.com/codebyoketch/wa-cli/internal/tui/tui.go:189.3,189.34 1 0
github.com/codebyoketch/wa-cli/internal/tui/tui.go:198.74,199.24 1 0
github.com/codebyoketch/wa-cli/internal/tui/tui.go:199.24,201.17 2 0
github.com/codebyoketch/wa-cli/internal/tui/tui.go:201.17,203.4 1 0
github.com/codebyoketch/wa-cli/internal/tui/tui.go:204.3,205.28 2 0
github.com/codebyoketch/wa-cli/internal/tui/tui.go:205.28,206.20 1 0
github.com/codebyoketch/wa-cli/internal/tui/tui.go:206.20,208.5 1 0
github.com/codebyoketch/wa-cli/internal/tui/tui.go:210.3,210.32 1 0
github.com/codebyoketch/wa-cli/internal/tui/tui.go:214.48,215.24 1 0
github.com/codebyoketch/wa-cli/internal/tui/tui.go:215.24,217.17 2 0
github.com/codebyoketch/wa-cli/internal/tui/tui.go:217.17,219.4 1 0
github.com/codebyoketch/wa-cli/internal/tui/tui.go:220.3,220.31 1 0
github.com/codebyoketch/wa-cli/internal/tui/tui.go:224.87,225.24 1 0
github.com/codebyoketch/wa-cli/internal/tui/tui.go:225.24,228.17 3 0
github.com/codebyoketch/wa-cli/internal/tui/tui.go:228.17,230.4 1 0
github.com/codebyoketch/wa-cli/internal/tui/tui.go:231.3,231.57 1 0
github.com/codebyoketch/wa-cli/internal/tui/tui.go:235.110,236.24 1 0
github.com/codebyoketch/wa-cli/internal/tui/tui.go:236.24,238.17 2 0
github.com/codebyoketch/wa-cli/internal/tui/tui.go:238.17,240.4 1 0
github.com/codebyoketch/wa-cli/internal/tui/tui.go:241.3,241.60 1 0
github.com/codebyoketch/wa-cli/internal/tui/tui.go:241.60,243.4 1 0
github.com/codebyoketch/wa-cli/internal/tui/tui.go:244.3,244.19 1 0
github.com/codebyoketch/wa-cli/internal/tui/tui.go:244.19,246.4 1 0
github.com/codebyoketch/wa-cli/internal/tui/tui.go:247.3,247.33 1 0
github.com/codebyoketch/wa-cli/internal/tui/tui.go:251.57,252.27 1 0
github.com/codebyoketch/wa-cli/internal/tui/tui.go:254.25,258.16 4 0
github.com/codebyoketch/wa-cli/internal/tui/tui.go:260.22,263.38 3 0
github.com/codebyoketch/wa-cli/internal/tui/tui.go:263.38,265.4 1 0
github.com/codebyoketch/wa-cli/internal/tui/tui.go:266.3,266.46 1 0
github.com/codebyoketch/wa-cli/internal/tui/tui.go:266.46,268.4 1 0
github.com/codebyoketch/wa-cli/internal/tui/tui.go:269.3,269.64 1 0
github.com/codebyoketch/wa-cli/internal/tui/tui.go:269.64,271.4 1 0
github.com/codebyoketch/wa-cli/internal/tui/tui.go:272.3,272.16 1 0
github.com/codebyoketch/wa-cli/internal/tui/tui.go:274.25,276.26 2 0
github.com/codebyoketch/wa-cli/internal/tui/tui.go:276.26,278.4 1 0
github.com/codebyoketch/wa-cli/internal/tui/tui.go:279.3,279.16 1 0
github.com/codebyoketch/wa-cli/internal/tui/tui.go:281.23,283.16 2 0
github.com/codebyoketch/wa-cli/internal/tui/tui.go:285.25,286.35 1 0
github.com/codebyoketch/wa-cli/internal/tui/tui.go:286.35,288.4 1 0
github.com/codebyoketch/wa-cli/internal/tui/tui.go:289.3,292.16 4 0
github.com/codebyoketch/wa-cli/internal/tui/tui.go:294.19,296.39 2 0
github.com/codebyoketch/wa-cli/internal/tui/tui.go:296.39,300.4 3 0
github.com/codebyoketch/wa-cli/internal/tui/tui.go:301.3,302.31 2 0
github.com/codebyoketch/wa-cli/internal/tui/tui.go:304.21,305.21 1 0
github.com/codebyoketch/wa-cli/internal/tui/tui.go:305.21,307.4 1 0
github.com/codebyoketch/wa-cli/internal/tui/tui.go:308.3,308.16 1 0
github.com/codebyoketch/wa-cli/internal/tui/tui.go:310.14,312.16 2 0
github.com/codebyoketch/wa-cli/internal/tui/tui.go:314.18,315.26 1 0
github.com/codebyoketch/wa-cli/internal/tui/tui.go:318.2,318.15 1 0
github.com/codebyoketch/wa-cli/internal/tui/tui.go:321.63,322.30 1 0
github.com/codebyoketch/wa-cli/internal/tui/tui.go:322.30,325.3 2 0
github.com/codebyoketch/wa-cli/internal/tui/tui.go:327.2,327.27 1 0
github.com/codebyoketch/wa-cli/internal/tui/tui.go:327.27,328.31 1 0
github.com/codebyoketch/wa-cli/internal/tui/tui.go:328.31,331.4 2 0
github.com/codebyoketch/wa-cli/internal/tui/tui.go:331.9,334.4 2 0
github.com/codebyoketch/wa-cli/internal/tui/tui.go:335.3,335.16 1 0
github.com/codebyoketch/wa-cli/internal/tui/tui.go:338.2,338.30 1 0
github.com/codebyoketch/wa-cli/internal/tui/tui.go:338.30,339.23 1 0
github.com/codebyoketch/wa-cli/internal/tui/tui.go:340.18,342.56 2 0
github.com/codebyoketch/wa-cli/internal/tui/tui.go:343.20,345.56 2 0
github.com/codebyoketch/wa-cli/internal/tui/tui.go:346.16,347.27 1 0
github.com/codebyoketch/wa-cli/internal/tui/tui.go:347.27,350.5 2 0
github.com/codebyoketch/wa-cli/internal/tui/tui.go:351.4,351.17 1 0
github.com/codebyoketch/wa-cli/internal/tui/tui.go:352.12,354.22 2 0
github.com/codebyoketch/wa-cli/internal/tui/tui.go:356.3,356.16 1 0
github.com/codebyoketch/wa-cli/internal/tui/tui.go:360.2,360.22 1 0
github.com/codebyoketch/wa-cli/internal/tui/tui.go:361.13,364.16 3 0
github.com/codebyoketch/wa-cli/internal/tui/tui.go:365.15,367.40 2 0
github.com/codebyoketch/wa-cli/internal/tui/tui.go:367.40,369.4 1 0
github.com/codebyoketch/wa-cli/internal/tui/tui.go:370.3,384.67 5 0
github.com/codebyoketch/wa-cli/internal/tui/tui.go:387.2,389.15 3 0
github.com/codebyoketch/wa-cli/internal/tui/tui.go:392.42,393.23 1 0
github.com/codebyoketch/wa-cli/internal/tui/tui.go:393.23,395.3 1 0
github.com/codebyoketch/wa-cli/internal/tui/tui.go:396.2,397.28 2 0
github.com/codebyoketch/wa-cli/internal/tui/tui.go:397.28,398.29 1 0
github.com/codebyoketch/wa-cli/internal/tui/tui.go:398.29,400.9 2 0
github.com/codebyoketch/wa-cli/internal/tui/tui.go:403.2,404.13 2 0
github.com/codebyoketch/wa-cli/internal/tui/tui.go:404.13,406.3 1 0
github.com/codebyoketch/wa-cli/internal/tui/tui.go:407.2,407.25 1 0
github.com/codebyoketch/wa-cli/internal/tui/tui.go:407.25,409.3 1 0
github.com/codebyoketch/wa-cli/internal/tui/tui.go:410.2,412.27 3 0
github.com/codebyoketch/wa-cli/internal/tui/tui.go:415.26,417.20 2 0
github.com/codebyoketch/wa-cli/internal/tui/tui.go:417.20,419.3 1 0
github.com/codebyoketch/wa-cli/internal/tui/tui.go:420.2,424.18 5 0
github.com/codebyoketch/wa-cli/internal/tui/tui.go:424.18,426.3 1 0
github.com/codebyoketch/wa-cli/internal/tui/tui.go:427.2,430.25 4 0
github.com/codebyoketch/wa-cli/internal/tui/tui.go:430.25,432.3 1 0
github.com/codebyoketch/wa-cli/internal/tui/tui.go:435.30,436.16 1 0
github.com/codebyoketch/wa-cli/internal/tui/tui.go:436.16,438.3 1 0
github.com/codebyoketch/wa-cli/internal/tui/tui.go:439.2,439.14 1 0
github.com/codebyoketch/wa-cli/internal/tui/tui.go:439.14,441.3 1 0
github.com/codebyoketch/wa-cli/internal/tui/tui.go:443.2,452.24 3 0
github.com/codebyoketch/wa-cli/internal/tui/tui.go:452.24,454.3 1 0
github.com/codebyoketch/wa-cli/internal/tui/tui.go:455.2,458.83 2 0
github.com/codebyoketch/wa-cli/internal/tui/tui.go:461.40,465.23 3 0
github.com/codebyoketch/wa-cli/internal/tui/tui.go:465.23,467.3 1 0
github.com/codebyoketch/wa-cli/internal/tui/tui.go:469.2,469.28 1 0
github.com/codebyoketch/wa-cli/internal/tui/tui.go:469.28,471.30 2 0
github.com/codebyoketch/wa-cli/internal/tui/tui.go:471.30,473.4 1 0
github.com/codebyoketch/wa-cli/internal/tui/tui.go:474.3,474.17 1 0
github.com/codebyoketch/wa-cli/internal/tui/tui.go:474.17,476.4 1 0
github.com/codebyoketch/wa-cli/internal/tui/tui.go:477.3,477.21 1 0
github.com/codebyoketch/wa-cli/internal/tui/tui.go:477.21,479.4 1 0
github.com/codebyoketch/wa-cli/internal/tui/tui.go:481.3,482.24 2 0
github.com/codebyoketch/wa-cli/internal/tui/tui.go:482.24,484.4 1 0
github.com/codebyoketch/wa-cli/internal/tui/tui.go:486.3,486.10 1 0
github.com/codebyoketch/wa-cli/internal/tui/tui.go:487.31,488.64 1 0
github.com/codebyoketch/wa-cli/internal/tui/tui.go:489.26,490.58 1 0
github.com/codebyoketch/wa-cli/internal/tui/tui.go:491.11,492.58 1 0
github.com/codebyoketch/wa-cli/internal/tui/tui.go:496.2,497.75 2 0
github.com/codebyoketch/wa-cli/internal/tui/tui.go:500.40,501.25 1 0
github.com/codebyoketch/wa-cli/internal/tui/tui.go:501.25,503.3 1 0
github.com/codebyoketch/wa-cli/internal/tui/tui.go:504.2,504.26 1 0
github.com/codebyoketch/wa-cli/internal/tui/tui.go:504.26,506.3 1 0
github.com/codebyoketch/wa-cli/internal/tui/tui.go:508.2,509.16 2 0
github.com/codebyoketch/wa-cli/internal/tui/tui.go:509.16,511.3 1 0
github.com/codebyoketch/wa-cli/internal/tui/tui.go:513.2,514.33 2 0
github.com/codebyoketch/wa-cli/internal/tui/tui.go:514.33,516.10 2 0
github.com/codebyoketch/wa-cli/internal/tui/tui.go:517.42,518.54 1 0
github.com/codebyoketch/wa-cli/internal/tui/tui.go:519.28,520.45 1 0
github.com/codebyoketch/wa-cli/internal/tui/tui.go:523.3,527.17 4 0
github.com/codebyoketch/wa-cli/internal/tui/tui.go:527.17,530.4 2 0
github.com/codebyoketch/wa-cli/internal/tui/tui.go:530.9,534.4 3 0
github.com/codebyoketch/wa-cli/internal/tui/tui.go:536.3,536.83 1 0
github.com/codebyoketch/wa-cli/internal/tui/tui.go:538.2,538.19 1 0
github.com/codebyoketch/wa-cli/internal/tui/tui.go:545.63,546.37 1 0
github.com/codebyoketch/wa-cli/internal/tui/tui.go:546.37,547.39 1 0
github.com/codebyoketch/wa-cli/internal/tui/tui.go:547.39,549.4 1 0
github.com/codebyoketch/wa-cli/internal/tui/tui.go:551.2,551.64 1 0
github.com/codebyoketch/wa-cli/internal/tui/tui.go:551.64,553.3 1 0
github.com/codebyoketch/wa-cli/internal/tui/tui.go:554.2,554.53 1 0
github.com/codebyoketch/wa-cli/internal/tui/tui.go:554.53,556.3 1 0
github.com/codebyoketch/wa-cli/internal/tui/tui.go:557.2,557.18 1 0
github.com/codebyoketch/wa-cli/internal/tui/tui.go:560.53,561.28 1 0
github.com/codebyoketch/wa-cli/internal/tui/tui.go:561.28,562.29 1 0
github.com/codebyoketch/wa-cli/internal/tui/tui.go:562.29,564.4 1 0
github.com/codebyoketch/wa-cli/internal/tui/tui.go:566.2,566.32 1 0
github.com/codebyoketch/wa-cli/internal/tui/tui.go:569.40,571.27 2 0
github.com/codebyoketch/wa-cli/internal/tui/tui.go:571.27,573.3 1 0
github.com/codebyoketch/wa-cli/internal/tui/tui.go:574.2,574.61 1 0
github.com/codebyoketch/wa-cli/internal/store/store.go:23.95,24.52 1 1
github.com/codebyoketch/wa-cli/internal/store/store.go:24.52,26.3 1 0
github.com/codebyoketch/wa-cli/internal/store/store.go:28.2,39.16 4 1
github.com/codebyoketch/wa-cli/internal/store/store.go:39.16,41.3 1 0
github.com/codebyoketch/wa-cli/internal/store/store.go:42.2,42.23 1 1
github.com/codebyoketch/wa-cli/internal/whatsapp/client.go:47.143,49.16 2 0
github.com/codebyoketch/wa-cli/internal/whatsapp/client.go:49.16,51.3 1 0
github.com/codebyoketch/wa-cli/internal/whatsapp/client.go:52.2,56.33 4 0
github.com/codebyoketch/wa-cli/internal/whatsapp/client.go:56.33,58.3 1 0
github.com/codebyoketch/wa-cli/internal/whatsapp/client.go:60.2,60.15 1 0
github.com/codebyoketch/wa-cli/internal/whatsapp/client.go:68.63,70.2 1 1
github.com/codebyoketch/wa-cli/internal/whatsapp/client.go:76.70,80.2 3 0
github.com/codebyoketch/wa-cli/internal/whatsapp/client.go:82.47,83.25 1 0
github.com/codebyoketch/wa-cli/internal/whatsapp/client.go:84.27,85.21 1 0
github.com/codebyoketch/wa-cli/internal/whatsapp/client.go:85.21,87.4 1 0
github.com/codebyoketch/wa-cli/internal/whatsapp/client.go:88.23,89.21 1 0
github.com/codebyoketch/wa-cli/internal/whatsapp/client.go:96.61,97.21 1 0
github.com/codebyoketch/wa-cli/internal/whatsapp/client.go:97.21,99.3 1 0
github.com/codebyoketch/wa-cli/internal/whatsapp/client.go:100.2,100.51 1 0
github.com/codebyoketch/wa-cli/internal/whatsapp/client.go:100.51,102.37 2 0
github.com/codebyoketch/wa-cli/internal/whatsapp/client.go:102.37,103.12 1 0
github.com/codebyoketch/wa-cli/internal/whatsapp/client.go:106.3,113.35 3 0
github.com/codebyoketch/wa-cli/internal/whatsapp/client.go:113.35,114.12 1 0
github.com/codebyoketch/wa-cli/internal/whatsapp/client.go:117.3,119.20 3 0
github.com/codebyoketch/wa-cli/internal/whatsapp/client.go:119.20,121.48 2 0
github.com/codebyoketch/wa-cli/internal/whatsapp/client.go:121.48,123.5 1 0
github.com/codebyoketch/wa-cli/internal/whatsapp/client.go:124.4,124.47 1 0
github.com/codebyoketch/wa-cli/internal/whatsapp/client.go:127.3,135.17 2 0
github.com/codebyoketch/wa-cli/internal/whatsapp/client.go:135.17,137.4 1 0
github.com/codebyoketch/wa-cli/internal/whatsapp/client.go:152.36,154.2 1 1
github.com/codebyoketch/wa-cli/internal/whatsapp/client.go:160.53,162.23 2 1
github.com/codebyoketch/wa-cli/internal/whatsapp/client.go:162.23,164.3 1 1
github.com/codebyoketch/wa-cli/internal/whatsapp/client.go:166.2,168.9 3 1
github.com/codebyoketch/wa-cli/internal/whatsapp/client.go:169.37,170.52 1 0
github.com/codebyoketch/wa-cli/internal/whatsapp/client.go:171.23,172.43 1 0
github.com/codebyoketch/wa-cli/internal/whatsapp/client.go:175.2,175.20 1 1
github.com/codebyoketch/wa-cli/internal/whatsapp/client.go:175.20,190.46 2 1
github.com/codebyoketch/wa-cli/internal/whatsapp/client.go:190.46,192.4 1 1
github.com/codebyoketch/wa-cli/internal/whatsapp/client.go:193.3,194.17 2 1
github.com/codebyoketch/wa-cli/internal/whatsapp/client.go:194.17,196.4 1 0
github.com/codebyoketch/wa-cli/internal/whatsapp/client.go:198.3,198.25 1 1
github.com/codebyoketch/wa-cli/internal/whatsapp/client.go:198.25,199.55 1 1
github.com/codebyoketch/wa-cli/internal/whatsapp/client.go:199.55,201.5 1 0
github.com/codebyoketch/wa-cli/internal/whatsapp/client.go:205.2,205.19 1 1
github.com/codebyoketch/wa-cli/internal/whatsapp/client.go:205.19,207.24 2 1
github.com/codebyoketch/wa-cli/internal/whatsapp/client.go:207.24,209.4 1 1
github.com/codebyoketch/wa-cli/internal/whatsapp/client.go:211.3,212.25 2 1
github.com/codebyoketch/wa-cli/internal/whatsapp/client.go:212.25,213.56 1 1
github.com/codebyoketch/wa-cli/internal/whatsapp/client.go:213.56,215.5 1 1
github.com/codebyoketch/wa-cli/internal/whatsapp/client.go:218.3,229.47 2 1
github.com/codebyoketch/wa-cli/internal/whatsapp/client.go:229.47,231.4 1 0
github.com/codebyoketch/wa-cli/internal/whatsapp/client.go:231.9,231.33 1 1
github.com/codebyoketch/wa-cli/internal/whatsapp/client.go:231.33,233.4 1 1
github.com/codebyoketch/wa-cli/internal/whatsapp/client.go:236.2,236.43 1 1
github.com/codebyoketch/wa-cli/internal/whatsapp/client.go:236.43,238.37 2 0
github.com/codebyoketch/wa-cli/internal/whatsapp/client.go:238.37,239.73 1 0
github.com/codebyoketch/wa-cli/internal/whatsapp/client.go:239.73,241.5 1 0
github.com/codebyoketch/wa-cli/internal/whatsapp/client.go:243.3,243.19 1 0
github.com/codebyoketch/wa-cli/internal/whatsapp/client.go:243.19,245.19 2 0
github.com/codebyoketch/wa-cli/internal/whatsapp/client.go:245.19,247.5 1 0
github.com/codebyoketch/wa-cli/internal/whatsapp/client.go:248.4,249.27 2 0
github.com/codebyoketch/wa-cli/internal/whatsapp/client.go:249.27,250.12 1 0
github.com/codebyoketch/wa-cli/internal/whatsapp/client.go:251.40,252.52 1 0
github.com/codebyoketch/wa-cli/internal/whatsapp/client.go:253.26,254.43 1 0
github.com/codebyoketch/wa-cli/internal/whatsapp/client.go:255.21,256.17 1 0
github.com/codebyoketch/wa-cli/internal/whatsapp/client.go:259.4,259.51 1 0
github.com/codebyoketch/wa-cli/internal/whatsapp/client.go:259.51,261.5 1 0
github.com/codebyoketch/wa-cli/internal/whatsapp/client.go:270.71,271.16 1 1
github.com/codebyoketch/wa-cli/internal/whatsapp/client.go:271.16,273.3 1 1
github.com/codebyoketch/wa-cli/internal/whatsapp/client.go:274.2,275.20 2 1
github.com/codebyoketch/wa-cli/internal/whatsapp/client.go:275.20,277.3 1 1
github.com/codebyoketch/wa-cli/internal/whatsapp/client.go:278.2,278.13 1 1
github.com/codebyoketch/wa-cli/internal/whatsapp/client.go:284.69,285.16 1 1
github.com/codebyoketch/wa-cli/internal/whatsapp/client.go:285.16,287.3 1 1
github.com/codebyoketch/wa-cli/internal/whatsapp/client.go:288.2,288.9 1 1
github.com/codebyoketch/wa-cli/internal/whatsapp/client.go:289.35,290.35 1 1
github.com/codebyoketch/wa-cli/internal/whatsapp/client.go:291.43,292.52 1 1
github.com/codebyoketch/wa-cli/internal/whatsapp/client.go:293.36,294.53 1 1
github.com/codebyoketch/wa-cli/internal/whatsapp/client.go:295.36,296.53 1 1
github.com/codebyoketch/wa-cli/internal/whatsapp/client.go:297.36,298.37 1 1
github.com/codebyoketch/wa-cli/internal/whatsapp/client.go:298.37,300.4 1 1
github.com/codebyoketch/wa-cli/internal/whatsapp/client.go:301.3,301.21 1 1
github.com/codebyoketch/wa-cli/internal/whatsapp/client.go:302.39,303.59 1 1
github.com/codebyoketch/wa-cli/internal/whatsapp/client.go:304.38,305.23 1 1
github.com/codebyoketch/wa-cli/internal/whatsapp/client.go:306.10,307.16 1 1
github.com/codebyoketch/wa-cli/internal/whatsapp/client.go:315.78,316.21 1 0
github.com/codebyoketch/wa-cli/internal/whatsapp/client.go:316.21,318.3 1 0
github.com/codebyoketch/wa-cli/internal/whatsapp/client.go:319.2,319.20 1 0
github.com/codebyoketch/wa-cli/internal/whatsapp/client.go:319.20,321.3 1 0
github.com/codebyoketch/wa-cli/internal/whatsapp/client.go:323.2,323.39 1 0
github.com/codebyoketch/wa-cli/internal/whatsapp/client.go:323.39,325.3 1 0
github.com/codebyoketch/wa-cli/internal/whatsapp/client.go:326.2,328.9 2 0
github.com/codebyoketch/wa-cli/internal/whatsapp/client.go:329.29,329.29 0 0
github.com/codebyoketch/wa-cli/internal/whatsapp/client.go:330.20,331.19 1 0
github.com/codebyoketch/wa-cli/internal/whatsapp/client.go:333.2,333.12 1 0
github.com/codebyoketch/wa-cli/internal/whatsapp/client.go:336.36,338.2 1 0
github.com/codebyoketch/wa-cli/internal/whatsapp/client.go:352.71,354.16 2 0
github.com/codebyoketch/wa-cli/internal/whatsapp/client.go:354.16,356.3 1 0
github.com/codebyoketch/wa-cli/internal/whatsapp/client.go:358.2,359.34 2 0
github.com/codebyoketch/wa-cli/internal/whatsapp/client.go:359.34,366.3 1 0
github.com/codebyoketch/wa-cli/internal/whatsapp/client.go:367.2,367.38 1 0
github.com/codebyoketch/wa-cli/internal/whatsapp/client.go:367.38,369.3 1 0
github.com/codebyoketch/wa-cli/internal/whatsapp/client.go:370.2,370.17 1 0
github.com/codebyoketch/wa-cli/internal/whatsapp/client.go:373.53,374.9 1 1
github.com/codebyoketch/wa-cli/internal/whatsapp/client.go:375.27,376.23 1 1
github.com/codebyoketch/wa-cli/internal/whatsapp/client.go:377.28,378.24 1 1
github.com/codebyoketch/wa-cli/internal/whatsapp/client.go:379.27,380.23 1 1
github.com/codebyoketch/wa-cli/internal/whatsapp/client.go:381.31,382.27 1 1
github.com/codebyoketch/wa-cli/internal/whatsapp/client.go:383.10,384.12 1 1
github.com/codebyoketch/wa-cli/internal/whatsapp/client.go:404.67,406.16 2 0
github.com/codebyoketch/wa-cli/internal/whatsapp/client.go:406.16,408.3 1 0
github.com/codebyoketch/wa-cli/internal/whatsapp/client.go:410.2,411.27 2 0
github.com/codebyoketch/wa-cli/internal/whatsapp/client.go:411.27,418.3 1 0
github.com/codebyoketch/wa-cli/internal/whatsapp/client.go:419.2,419.38 1 0
github.com/codebyoketch/wa-cli/internal/whatsapp/client.go:419.38,419.108 1 0
github.com/codebyoketch/wa-cli/internal/whatsapp/client.go:420.2,420.17 1 0
github.com/codebyoketch/wa-cli/internal/whatsapp/client.go:424.94,426.16 2 0
github.com/codebyoketch/wa-cli/internal/whatsapp/client.go:426.16,428.3 1 0
github.com/codebyoketch/wa-cli/internal/whatsapp/client.go:430.2,438.38 3 0
github.com/codebyoketch/wa-cli/internal/whatsapp/client.go:438.38,444.3 1 0
github.com/codebyoketch/wa-cli/internal/whatsapp/client.go:445.2,445.33 1 0
github.com/codebyoketch/wa-cli/internal/whatsapp/client.go:449.105,454.16 2 0
github.com/codebyoketch/wa-cli/internal/whatsapp/client.go:454.16,456.3 1 0
github.com/codebyoketch/wa-cli/internal/whatsapp/client.go:457.2,462.8 1 0
github.com/codebyoketch/wa-cli/internal/whatsapp/client.go:466.107,468.16 2 0
github.com/codebyoketch/wa-cli/internal/whatsapp/client.go:468.16,470.3 1 0
github.com/codebyoketch/wa-cli/internal/whatsapp/client.go:471.2,471.12 1 0
github.com/codebyoketch/wa-cli/internal/whatsapp/client.go:475.110,477.16 2 0
github.com/codebyoketch/wa-cli/internal/whatsapp/client.go:477.16,479.3 1 0
github.com/codebyoketch/wa-cli/internal/whatsapp/client.go:480.2,480.12 1 0
github.com/codebyoketch/wa-cli/internal/whatsapp/client.go:490.53,491.39 1 0
github.com/codebyoketch/wa-cli/internal/whatsapp/client.go:491.39,493.3 1 0
github.com/codebyoketch/wa-cli/internal/whatsapp/client.go:494.2,494.12 1 0
github.com/codebyoketch/wa-cli/internal/whatsapp/client.go:500.39,503.32 3 1
github.com/codebyoketch/wa-cli/internal/whatsapp/client.go:503.32,504.15 1 1
github.com/codebyoketch/wa-cli/internal/whatsapp/client.go:504.15,506.4 1 1
github.com/codebyoketch/wa-cli/internal/whatsapp/client.go:507.3,507.30 1 1
github.com/codebyoketch/wa-cli/internal/whatsapp/client.go:507.30,509.12 2 1
github.com/codebyoketch/wa-cli/internal/whatsapp/client.go:511.3,511.13 1 1
github.com/codebyoketch/wa-cli/internal/whatsapp/client.go:513.2,513.16 1 1
github.com/codebyoketch/wa-cli/internal/whatsapp/client.go:522.51,523.20 1 0
github.com/codebyoketch/wa-cli/internal/whatsapp/client.go:523.20,525.3 1 0
github.com/codebyoketch/wa-cli/internal/whatsapp/client.go:527.2,528.16 2 0
github.com/codebyoketch/wa-cli/internal/whatsapp/client.go:528.16,530.3 1 0
github.com/codebyoketch/wa-cli/internal/whatsapp/client.go:532.2,532.39 1 0
github.com/codebyoketch/wa-cli/internal/whatsapp/client.go:532.39,534.3 1 0
github.com/codebyoketch/wa-cli/internal/whatsapp/client.go:536.2,537.26 2 0
github.com/codebyoketch/wa-cli/internal/whatsapp/client.go:537.26,538.20 1 0
github.com/codebyoketch/wa-cli/internal/whatsapp/client.go:539.15,541.22 2 0
github.com/codebyoketch/wa-cli/internal/whatsapp/client.go:542.18,544.68 2 0
github.com/codebyoketch/wa-cli/internal/whatsapp/client.go:545.18,546.64 1 0
github.com/codebyoketch/wa-cli/internal/whatsapp/client.go:547.11,548.45 1 0
github.com/codebyoketch/wa-cli/internal/whatsapp/client.go:552.2,552.13 1 0
github.com/codebyoketch/wa-cli/internal/whatsapp/client.go:552.13,554.3 1 0
github.com/codebyoketch/wa-cli/internal/whatsapp/client.go:560.2,561.20 2 0
github.com/codebyoketch/wa-cli/internal/whatsapp/client.go:561.20,564.3 2 0
github.com/codebyoketch/wa-cli/internal/whatsapp/client.go:564.8,566.3 1 0
github.com/codebyoketch/wa-cli/internal/whatsapp/client.go:568.2,568.9 1 0
github.com/codebyoketch/wa-cli/internal/whatsapp/client.go:569.26,569.26 0 0
github.com/codebyoketch/wa-cli/internal/whatsapp/client.go:570.20,571.19 1 0
github.com/codebyoketch/wa-cli/internal/whatsapp/client.go:574.2,575.12 2 0
github.com/codebyoketch/wa-cli/internal/whatsapp/client.go:589.72,590.21 1 0
github.com/codebyoketch/wa-cli/internal/whatsapp/client.go:590.21,592.3 1 0
github.com/codebyoketch/wa-cli/internal/whatsapp/client.go:594.2,594.45 1 0
github.com/codebyoketch/wa-cli/internal/whatsapp/client.go:594.45,595.26 1 0
github.com/codebyoketch/wa-cli/internal/whatsapp/client.go:596.24,597.29 1 0
github.com/codebyoketch/wa-cli/internal/whatsapp/client.go:598.26,599.30 1 0
github.com/codebyoketch/wa-cli/internal/whatsapp/client.go:600.29,602.34 2 0
github.com/codebyoketch/wa-cli/internal/whatsapp/client.go:603.26,604.65 1 0
github.com/codebyoketch/wa-cli/internal/whatsapp/client.go:608.2,608.39 1 0
github.com/codebyoketch/wa-cli/internal/whatsapp/client.go:608.39,610.3 1 0
github.com/codebyoketch/wa-cli/internal/whatsapp/client.go:611.2,617.12 5 0
github.com/codebyoketch/wa-cli/internal/whatsapp/client.go:625.60,627.6 2 0
github.com/codebyoketch/wa-cli/internal/whatsapp/client.go:627.6,628.10 1 0
github.com/codebyoketch/wa-cli/internal/whatsapp/client.go:629.21,630.10 1 0
github.com/codebyoketch/wa-cli/internal/whatsapp/client.go:631.30,631.30 0 0
github.com/codebyoketch/wa-cli/internal/whatsapp/client.go:634.3,634.40 1 0
github.com/codebyoketch/wa-cli/internal/whatsapp/client.go:634.40,636.32 2 0
github.com/codebyoketch/wa-cli/internal/whatsapp/client.go:636.32,638.5 1 0
github.com/codebyoketch/wa-cli/internal/whatsapp/client.go:639.4,639.12 1 0
github.com/codebyoketch/wa-cli/internal/whatsapp/client.go:641.3,642.9 2 0
github.com/codebyoketch/wa-cli/internal/whatsapp/client.go:649.74,650.63 1 0
github.com/codebyoketch/wa-cli/internal/whatsapp/client.go:650.63,652.3 1 0
github.com/codebyoketch/wa-cli/internal/whatsapp/client.go:654.2,655.18 2 0
github.com/codebyoketch/wa-cli/internal/whatsapp/client.go:655.18,657.3 1 0
github.com/codebyoketch/wa-cli/internal/whatsapp/client.go:659.2,660.9 2 0
github.com/codebyoketch/wa-cli/internal/whatsapp/client.go:661.37,662.49 1 0
github.com/codebyoketch/wa-cli/internal/whatsapp/client.go:663.23,664.40 1 0
github.com/codebyoketch/wa-cli/internal/whatsapp/client.go:665.18,666.38 1 0
github.com/codebyoketch/wa-cli/internal/whatsapp/client.go:669.2,672.18 3 0
github.com/codebyoketch/wa-cli/internal/whatsapp/client.go:672.18,673.67 1 0
github.com/codebyoketch/wa-cli/internal/whatsapp/client.go:673.67,675.4 1 0
github.com/codebyoketch/wa-cli/internal/whatsapp/client.go:679.52,680.21 1 0
github.com/codebyoketch/wa-cli/internal/whatsapp/client.go:680.21,682.3 1 0
github.com/codebyoketch/wa-cli/internal/whatsapp/client.go:683.2,683.32 1 0
github.com/codebyoketch/wa-cli/internal/whatsapp/client.go:683.32,685.3 1 0
github.com/codebyoketch/wa-cli/internal/whatsapp/client.go:686.2,686.16 1 0
github.com/codebyoketch/wa-cli/internal/whatsapp/client.go:686.16,688.3 1 0
github.com/codebyoketch/wa-cli/internal/whatsapp/client.go:689.2,689.12 1 0
github.com/codebyoketch/wa-cli/internal/whatsapp/client.go:692.31,694.2 1 0
github.com/codebyoketch/wa-cli/internal/whatsapp/client.go:699.92,704.32 3 0
github.com/codebyoketch/wa-cli/internal/whatsapp/client.go:704.32,708.3 3 0
github.com/codebyoketch/wa-cli/internal/whatsapp/client.go:709.2,709.16 1 0
github.com/codebyoketch/wa-cli/internal/whatsapp/client.go:709.16,711.3 1 0
github.com/codebyoketch/wa-cli/internal/whatsapp/client.go:712.2,712.21 1 0
github.com/codebyoketch/wa-cli/internal/whatsapp/client.go:718.118,723.68 2 0
github.com/codebyoketch/wa-cli/internal/whatsapp/client.go:723.68,725.3 1 0
github.com/codebyoketch/wa-cli/internal/whatsapp/client.go:727.2,734.32 3 0
github.com/codebyoketch/wa-cli/internal/whatsapp/client.go:734.32,738.3 3 0
github.com/codebyoketch/wa-cli/internal/whatsapp/client.go:739.2,739.16 1 0
github.com/codebyoketch/wa-cli/internal/whatsapp/client.go:739.16,741.3 1 0
github.com/codebyoketch/wa-cli/internal/whatsapp/client.go:742.2,742.21 1 0
github.com/codebyoketch/wa-cli/internal/whatsapp/client.go:747.119,749.16 2 0
github.com/codebyoketch/wa-cli/internal/whatsapp/client.go:749.16,751.3 1 0
github.com/codebyoketch/wa-cli/internal/whatsapp/client.go:752.2,763.19 2 0
github.com/codebyoketch/wa-cli/internal/whatsapp/client.go:763.19,765.3 1 0
github.com/codebyoketch/wa-cli/internal/whatsapp/client.go:766.2,766.53 1 0
github.com/codebyoketch/wa-cli/internal/whatsapp/client.go:771.119,773.16 2 0
github.com/codebyoketch/wa-cli/internal/whatsapp/client.go:773.16,775.3 1 0
github.com/codebyoketch/wa-cli/internal/whatsapp/client.go:776.2,787.19 2 0
github.com/codebyoketch/wa-cli/internal/whatsapp/client.go:787.19,789.3 1 0
github.com/codebyoketch/wa-cli/internal/whatsapp/client.go:790.2,790.53 1 0
github.com/codebyoketch/wa-cli/internal/whatsapp/client.go:795.122,797.16 2 0
github.com/codebyoketch/wa-cli/internal/whatsapp/client.go:797.16,799.3 1 0
github.com/codebyoketch/wa-cli/internal/whatsapp/client.go:800.2,812.48 2 0
github.com/codebyoketch/wa-cli/internal/whatsapp/client.go:816.132,818.16 2 0
github.com/codebyoketch/wa-cli/internal/whatsapp/client.go:818.16,820.3 1 0
github.com/codebyoketch/wa-cli/internal/whatsapp/client.go:821.2,833.19 2 0
github.com/codebyoketch/wa-cli/internal/whatsapp/client.go:833.19,835.3 1 0
github.com/codebyoketch/wa-cli/internal/whatsapp/client.go:836.2,836.56 1 0
github.com/codebyoketch/wa-cli/internal/whatsapp/client.go:842.112,844.16 2 0
github.com/codebyoketch/wa-cli/internal/whatsapp/client.go:844.16,846.3 1 0
github.com/codebyoketch/wa-cli/internal/whatsapp/client.go:847.2,858.50 2 0
github.com/codebyoketch/wa-cli/internal/whatsapp/client.go:861.124,863.32 2 0
github.com/codebyoketch/wa-cli/internal/whatsapp/client.go:863.32,867.3 3 0
github.com/codebyoketch/wa-cli/internal/whatsapp/client.go:868.2,868.16 1 0
github.com/codebyoketch/wa-cli/internal/whatsapp/client.go:868.16,870.3 1 0
github.com/codebyoketch/wa-cli/internal/whatsapp/client.go:877.2,877.19 1 0
github.com/codebyoketch/wa-cli/internal/whatsapp/client.go:877.19,879.47 2 0
github.com/codebyoketch/wa-cli/internal/whatsapp/client.go:879.47,881.4 1 0
github.com/codebyoketch/wa-cli/internal/whatsapp/client.go:882.3,892.17 2 0
github.com/codebyoketch/wa-cli/internal/whatsapp/client.go:892.17,894.4 1 0
github.com/codebyoketch/wa-cli/internal/whatsapp/client.go:897.2,897.21 1 0
github.com/codebyoketch/wa-cli/internal/whatsapp/client.go:903.102,905.21 2 0
github.com/codebyoketch/wa-cli/internal/whatsapp/client.go:905.21,907.3 1 0
github.com/codebyoketch/wa-cli/internal/whatsapp/client.go:909.2,911.9 3 0
github.com/codebyoketch/wa-cli/internal/whatsapp/client.go:912.41,914.54 2 0
github.com/codebyoketch/wa-cli/internal/whatsapp/client.go:915.41,917.54 2 0
github.com/codebyoketch/wa-cli/internal/whatsapp/client.go:918.41,920.54 2 0
github.com/codebyoketch/wa-cli/internal/whatsapp/client.go:921.44,923.57 2 0
github.com/codebyoketch/wa-cli/internal/whatsapp/client.go:924.43,926.56 2 0
github.com/codebyoketch/wa-cli/internal/whatsapp/client.go:927.10,928.82 1 0
github.com/codebyoketch/wa-cli/internal/whatsapp/client.go:931.2,932.16 2 0
github.com/codebyoketch/wa-cli/internal/whatsapp/client.go:932.16,934.3 1 0
github.com/codebyoketch/wa-cli/internal/whatsapp/client.go:935.2,935.28 1 0
github.com/codebyoketch/wa-cli/internal/whatsapp/client.go:942.112,944.21 2 0
github.com/codebyoketch/wa-cli/internal/whatsapp/client.go:944.21,946.3 1 0
github.com/codebyoketch/wa-cli/internal/whatsapp/client.go:948.2,949.16 2 0
github.com/codebyoketch/wa-cli/internal/whatsapp/client.go:949.16,951.3 1 0
github.com/codebyoketch/wa-cli/internal/whatsapp/client.go:953.2,954.31 2 0
github.com/codebyoketch/wa-cli/internal/whatsapp/client.go:954.31,958.3 3 0
github.com/codebyoketch/wa-cli/internal/whatsapp/client.go:959.2,959.16 1 0
github.com/codebyoketch/wa-cli/internal/whatsapp/client.go:959.16,961.3 1 0
github.com/codebyoketch/wa-cli/internal/whatsapp/client.go:962.2,962.21 1 0
github.com/codebyoketch/wa-cli/internal/whatsapp/client.go:970.73,971.61 1 1
github.com/codebyoketch/wa-cli/internal/whatsapp/client.go:971.61,972.16 1 1
github.com/codebyoketch/wa-cli/internal/whatsapp/client.go:972.16,974.4 1 1
github.com/codebyoketch/wa-cli/internal/whatsapp/client.go:975.3,977.12 3 1
github.com/codebyoketch/wa-cli/internal/whatsapp/client.go:980.2,980.9 1 1
github.com/codebyoketch/wa-cli/internal/whatsapp/client.go:981.40,987.9 1 1
github.com/codebyoketch/wa-cli/internal/whatsapp/client.go:988.48,991.55 3 1
github.com/codebyoketch/wa-cli/internal/whatsapp/client.go:992.41,995.48 3 1
github.com/codebyoketch/wa-cli/internal/whatsapp/client.go:996.41,999.48 3 0
github.com/codebyoketch/wa-cli/internal/whatsapp/client.go:1000.41,1003.48 3 0
github.com/codebyoketch/wa-cli/internal/whatsapp/client.go:1004.44,1007.51 3 0
github.com/codebyoketch/wa-cli/internal/whatsapp/client.go:1008.43,1011.50 3 1
github.com/codebyoketch/wa-cli/internal/whatsapp/client.go:1012.10,1013.79 1 1
github.com/codebyoketch/wa-cli/internal/whatsapp/client.go:1021.50,1022.15 1 1
github.com/codebyoketch/wa-cli/internal/whatsapp/client.go:1022.15,1024.3 1 1
github.com/codebyoketch/wa-cli/internal/whatsapp/client.go:1025.2,1026.16 2 1
github.com/codebyoketch/wa-cli/internal/whatsapp/client.go:1026.16,1028.3 1 1
github.com/codebyoketch/wa-cli/internal/whatsapp/client.go:1029.2,1030.51 2 1
github.com/codebyoketch/wa-cli/internal/whatsapp/client.go:1030.51,1032.3 1 0
github.com/codebyoketch/wa-cli/internal/whatsapp/client.go:1033.2,1033.12 1 1
